<?xml version="1.0" encoding="UTF-8" ?>
<testsuites name="vitest tests" tests="157" failures="12" errors="0" time="16.915">
    <testsuite name="src/__tests__/integration/auth-flow.test.tsx" timestamp="2025-08-27T13:46:17.365Z" hostname="LTPTL045" tests="20" failures="10" errors="0" skipped="0" time="10.957">
        <testcase classname="src/__tests__/integration/auth-flow.test.tsx" name="Authentication Flow Integration &gt; Successful Login Flow &gt; should complete full login workflow for admin user" time="1.609">
            <failure message="expected false to be true // Object.is equality

Ignored nodes: comments, script, style
[36m&lt;html&gt;[39m
  [36m&lt;head /&gt;[39m
  [36m&lt;body&gt;[39m
    [36m&lt;div&gt;[39m
      [36m&lt;div[39m
        [33mclass[39m=[32m&quot;min-h-screen flex items-center justify-center bg-gradient-to-br from-primary-50 to-primary-100 p-4&quot;[39m
      [36m&gt;[39m
        [36m&lt;div[39m
          [33mclass[39m=[32m&quot;rounded-lg border bg-card text-card-foreground w-full max-w-md shadow-2xl&quot;[39m
        [36m&gt;[39m
          [36m&lt;div[39m
            [33mclass[39m=[32m&quot;flex flex-col p-6 space-y-4 text-center&quot;[39m
          [36m&gt;[39m
            [36m&lt;div[39m
              [33mclass[39m=[32m&quot;mx-auto w-16 h-16 bg-primary/10 rounded-full flex items-center justify-center&quot;[39m
            [36m&gt;[39m
              [36m&lt;svg[39m
                [33mclass[39m=[32m&quot;lucide lucide-shield w-8 h-8 text-primary&quot;[39m
                [33mfill[39m=[32m&quot;none&quot;[39m
                [33mheight[39m=[32m&quot;24&quot;[39m
                [33mstroke[39m=[32m&quot;currentColor&quot;[39m
                [33mstroke-linecap[39m=[32m&quot;round&quot;[39m
                [33mstroke-linejoin[39m=[32m&quot;round&quot;[39m
                [33mstroke-width[39m=[32m&quot;2&quot;[39m
                [33mviewBox[39m=[32m&quot;0 0 24 24&quot;[39m
                [33mwidth[39m=[32m&quot;24&quot;[39m
                [33mxmlns[39m=[32m&quot;http://www.w3.org/2000/svg&quot;[39m
              [36m&gt;[39m
                [36m&lt;path[39m
                  [33md[39m=[32m&quot;M20 13c0 5-3.5 7.5-7.66 8.95a1 1 0 0 1-.67-.01C7.5 20.5 4 18 4 13V6a1 1 0 0 1 1-1c2 0 4.5-1.2 6.24-2.72a1.17 1.17 0 0 1 1.52 0C14.51 3.81 17 5 19 5a1 1 0 0 1 1 1z&quot;[39m
                [36m/&gt;[39m
              [36m&lt;/svg&gt;[39m
            [36m&lt;/div&gt;[39m
            [36m&lt;div&gt;[39m
              [36m&lt;h3[39m
                [33mclass[39m=[32m&quot;tracking-tight text-2xl font-bold text-foreground&quot;[39m
              [36m&gt;[39m
                [0mIndustrial ADAM Platform[0m
              [36m&lt;/h3&gt;[39m
              [36m&lt;p[39m
                [33mclass[39m=[32m&quot;text-sm text-muted-foreground mt-2&quot;[39m
              [36m&gt;[39m
                [0mSign in to access your industrial monitoring system[0m
              [36m&lt;/p&gt;[39m
            [36m&lt;/div&gt;[39m
          [36m&lt;/div&gt;[39m
          [36m&lt;div[39m
            [33mclass[39m=[32m&quot;p-6 pt-0&quot;[39m
          [36m&gt;[39m
            [36m&lt;form[39m
              [33mclass[39m=[32m&quot;space-y-6&quot;[39m
            [36m&gt;[39m
              [36m&lt;div[39m
                [33mclass[39m=[32m&quot;relative w-full rounded-lg border p-4 [&amp;&gt;svg~*]:pl-7 [&amp;&gt;svg+div]:translate-y-[-3px] [&amp;&gt;svg]:absolute [&amp;&gt;svg]:left-4 [&amp;&gt;svg]:top-4 border-destructive/50 text-destructive dark:border-destructive [&amp;&gt;svg]:text-destructive&quot;[39m
                [33mdata-variant[39m=[32m&quot;destructive&quot;[39m
                [33mrole[39m=[32m&quot;alert&quot;[39m
              [36m&gt;[39m
                [36m&lt;div[39m
                  [33mclass[39m=[32m&quot;text-sm [&amp;_p]:leading-relaxed&quot;[39m
                [36m&gt;[39m
                  [0mThe requested resource was not found. It may have been moved or deleted.[0m
                [36m&lt;/div&gt;[39m
              [36m&lt;/div&gt;[39m
              [36m&lt;div[39m
                [33mclass[39m=[32m&quot;space-y-2&quot;[39m
              [36m&gt;[39m
                [36m&lt;label[39m
                  [33mclass[39m=[32m&quot;peer-disabled:cursor-not-allowed peer-disabled:opacity-70 text-sm font-medium&quot;[39m
                  [33mfor[39m=[32m&quot;username&quot;[39m
                [36m&gt;[39m
                  [0mUsername[0m
                [36m&lt;/label&gt;[39m
                [36m&lt;input[39m
                  [33mautocomplete[39m=[32m&quot;username&quot;[39m
                  [33mclass[39m=[32m&quot;flex w-full rounded-md border border-input bg-background px-3 py-2 ring-offset-background file:border-0 file:bg-transparent file:text-sm file:font-medium placeholder:text-muted-foreground focus-visible:outline-none focus-visible:ring-2 focus-visible:ring-ring focus-visible:ring-offset-2 disabled:cursor-not-allowed disabled:opacity-50 h-12 text-base&quot;[39m
                  [33mid[39m=[32m&quot;username&quot;[39m
                  [33mname[39m=[32m&quot;username&quot;[39m
                  [33mplaceholder[39m=[32m&quot;Enter your username&quot;[39m
                  [33mrequired[39m=[32m&quot;&quot;[39m
                  [33mtype[39m=[32m&quot;text&quot;[39m
                  [33mvalue[39m=[32m&quot;test.admin&quot;[39m
                [36m/&gt;[39m
              [36m&lt;/div&gt;[39m
              [36m&lt;div[39m
                [33mclass[39m=[32m&quot;space-y-2&quot;[39m
              [36m&gt;[39m
                [36m&lt;label[39m
                  [33mclass[39m=[32m&quot;peer-disabled:cursor-not-allowed peer-disabled:opacity-70 text-sm font-medium&quot;[39m
                  [33mfor[39m=[32m&quot;password&quot;[39m
                [36m&gt;[39m
                  [0mPassword[0m
                [36m&lt;/label&gt;[39m
                [36m&lt;input[39m
                  [33mautocomplete[39m=[32m&quot;current-password&quot;[39m
                  [33mclass[39m=[32m&quot;flex w-full rounded-md border border-input bg-background px-3 py-2 ring-offset-background file:border-0 file:bg-transparent file:text-sm file:font-medium placeholder:text-muted-foreground focus-visible:outline-none focus-visible:ring-2 focus-visible:ring-ring focus-visible:ring-offset-2 disabled:cursor-not-allowed disabled:opacity-50 h-12 text-base&quot;[39m
                  [33mid[39m=[32m&quot;password&quot;[39m
                  [33mname[39m=[32m&quot;password&quot;[39m
                  [33mplaceholder[39m=[32m&quot;Enter your password&quot;[39m
                  [33mrequired[39m=[32m&quot;&quot;[39m
                  [33mtype[39m=[32m&quot;password&quot;[39m
                  [33mvalue[39m=[32m&quot;test123&quot;[39m
                [36m/&gt;[39m
              [36m&lt;/div&gt;[39m
              [36m&lt;div[39m
                [33mclass[39m=[32m&quot;flex items-center space-x-2&quot;[39m
              [36m&gt;[39m
                [36m&lt;input[39m
                  [33mclass[39m=[32m&quot;h-4 w-4 text-primary focus:ring-primary border-input rounded&quot;[39m
                  [33mid[39m=[32m&quot;rememberMe&quot;[39m
                  [33mname[39m=[32m&quot;rememberMe&quot;[39m
                  [33mtype[39m=[32m&quot;checkbox&quot;[39m
                [36m/&gt;[39m
                [36m&lt;label[39m
                  [33mclass[39m=[32m&quot;font-medium peer-disabled:cursor-not-allowed peer-disabled:opacity-70 text-sm text-muted-foreground cursor-pointer&quot;[39m
                  [33mfor[39m=[32m&quot;rememberMe&quot;[39m
                [36m&gt;[39m
                  [0mRemember me for 30 days[0m
                [36m&lt;/label&gt;[39m
              [36m&lt;/div&gt;[39m
              [36m&lt;button[39m
                [33mclass[39m=[32m&quot;inline-flex items-center justify-center whitespace-nowrap rounded-md font-medium ring-offset-background transition-colors focus-visible:outline-none focus-visible:ring-2 focus-visible:ring-ring focus-visible:ring-offset-2 disabled:pointer-events-none disabled:opacity-50 bg-primary text-primary-foreground hover:bg-primary/90 h-14 px-6 text-lg min-w-14 w-full&quot;[39m
                [33mtype[39m=[32m&quot;submit&quot;[39m
              [36m&gt;[39m
                [0mSign In[0m
              [36m&lt;/button&gt;[39m
              [36m&lt;div[39m
                [33mclass[39m=[32m&quot;text-center text-sm text-muted-foreground&quot;[39m
              [36m&gt;[39m
                [36m&lt;p&gt;[39m
                  [0mHaving trouble signing in?[0m
                [36m&lt;/p&gt;[39m
                [36m&lt;p&gt;[39m
                  [0mContact your system administrator for assistance.[0m
                [36m&lt;/p&gt;[39m
              [36m&lt;/div&gt;[39m
            [36m&lt;/form&gt;[39m
          [36m&lt;/div&gt;[39m
        [36m&lt;/div&gt;[39m
        [36m&lt;div[39m
          [33mclass[39m=[32m&quot;absolute bottom-4 right-4 text-xs text-muted-foreground&quot;[39m
        [36m&gt;[39m
          [36m&lt;p&gt;[39m
            [0mIndustrial ADAM Platform v[0m
            [0m1.0.0[0m
          [36m&lt;/p&gt;[39m
          [36m&lt;p&gt;[39m
            [0m© 2025 Industrial Automation Solutions[0m
          [36m&lt;/p&gt;[39m
        [36m&lt;/div&gt;[39m
      [36m&lt;/div&gt;[39m
    [36m&lt;/div&gt;[39m
  [36m&lt;/body&gt;[39m
[36m&lt;/html&gt;[39m" type="AssertionError">
AssertionError: expected false to be true // Object.is equality

Ignored nodes: comments, script, style
&lt;html&gt;
  &lt;head /&gt;
  &lt;body&gt;
    &lt;div&gt;
      &lt;div
        class=&quot;min-h-screen flex items-center justify-center bg-gradient-to-br from-primary-50 to-primary-100 p-4&quot;
      &gt;
        &lt;div
          class=&quot;rounded-lg border bg-card text-card-foreground w-full max-w-md shadow-2xl&quot;
        &gt;
          &lt;div
            class=&quot;flex flex-col p-6 space-y-4 text-center&quot;
          &gt;
            &lt;div
              class=&quot;mx-auto w-16 h-16 bg-primary/10 rounded-full flex items-center justify-center&quot;
            &gt;
              &lt;svg
                class=&quot;lucide lucide-shield w-8 h-8 text-primary&quot;
                fill=&quot;none&quot;
                height=&quot;24&quot;
                stroke=&quot;currentColor&quot;
                stroke-linecap=&quot;round&quot;
                stroke-linejoin=&quot;round&quot;
                stroke-width=&quot;2&quot;
                viewBox=&quot;0 0 24 24&quot;
                width=&quot;24&quot;
                xmlns=&quot;http://www.w3.org/2000/svg&quot;
              &gt;
                &lt;path
                  d=&quot;M20 13c0 5-3.5 7.5-7.66 8.95a1 1 0 0 1-.67-.01C7.5 20.5 4 18 4 13V6a1 1 0 0 1 1-1c2 0 4.5-1.2 6.24-2.72a1.17 1.17 0 0 1 1.52 0C14.51 3.81 17 5 19 5a1 1 0 0 1 1 1z&quot;
                /&gt;
              &lt;/svg&gt;
            &lt;/div&gt;
            &lt;div&gt;
              &lt;h3
                class=&quot;tracking-tight text-2xl font-bold text-foreground&quot;
              &gt;
                Industrial ADAM Platform
              &lt;/h3&gt;
              &lt;p
                class=&quot;text-sm text-muted-foreground mt-2&quot;
              &gt;
                Sign in to access your industrial monitoring system
              &lt;/p&gt;
            &lt;/div&gt;
          &lt;/div&gt;
          &lt;div
            class=&quot;p-6 pt-0&quot;
          &gt;
            &lt;form
              class=&quot;space-y-6&quot;
            &gt;
              &lt;div
                class=&quot;relative w-full rounded-lg border p-4 [&amp;&gt;svg~*]:pl-7 [&amp;&gt;svg+div]:translate-y-[-3px] [&amp;&gt;svg]:absolute [&amp;&gt;svg]:left-4 [&amp;&gt;svg]:top-4 border-destructive/50 text-destructive dark:border-destructive [&amp;&gt;svg]:text-destructive&quot;
                data-variant=&quot;destructive&quot;
                role=&quot;alert&quot;
              &gt;
                &lt;div
                  class=&quot;text-sm [&amp;_p]:leading-relaxed&quot;
                &gt;
                  The requested resource was not found. It may have been moved or deleted.
                &lt;/div&gt;
              &lt;/div&gt;
              &lt;div
                class=&quot;space-y-2&quot;
              &gt;
                &lt;label
                  class=&quot;peer-disabled:cursor-not-allowed peer-disabled:opacity-70 text-sm font-medium&quot;
                  for=&quot;username&quot;
                &gt;
                  Username
                &lt;/label&gt;
                &lt;input
                  autocomplete=&quot;username&quot;
                  class=&quot;flex w-full rounded-md border border-input bg-background px-3 py-2 ring-offset-background file:border-0 file:bg-transparent file:text-sm file:font-medium placeholder:text-muted-foreground focus-visible:outline-none focus-visible:ring-2 focus-visible:ring-ring focus-visible:ring-offset-2 disabled:cursor-not-allowed disabled:opacity-50 h-12 text-base&quot;
                  id=&quot;username&quot;
                  name=&quot;username&quot;
                  placeholder=&quot;Enter your username&quot;
                  required=&quot;&quot;
                  type=&quot;text&quot;
                  value=&quot;test.admin&quot;
                /&gt;
              &lt;/div&gt;
              &lt;div
                class=&quot;space-y-2&quot;
              &gt;
                &lt;label
                  class=&quot;peer-disabled:cursor-not-allowed peer-disabled:opacity-70 text-sm font-medium&quot;
                  for=&quot;password&quot;
                &gt;
                  Password
                &lt;/label&gt;
                &lt;input
                  autocomplete=&quot;current-password&quot;
                  class=&quot;flex w-full rounded-md border border-input bg-background px-3 py-2 ring-offset-background file:border-0 file:bg-transparent file:text-sm file:font-medium placeholder:text-muted-foreground focus-visible:outline-none focus-visible:ring-2 focus-visible:ring-ring focus-visible:ring-offset-2 disabled:cursor-not-allowed disabled:opacity-50 h-12 text-base&quot;
                  id=&quot;password&quot;
                  name=&quot;password&quot;
                  placeholder=&quot;Enter your password&quot;
                  required=&quot;&quot;
                  type=&quot;password&quot;
                  value=&quot;test123&quot;
                /&gt;
              &lt;/div&gt;
              &lt;div
                class=&quot;flex items-center space-x-2&quot;
              &gt;
                &lt;input
                  class=&quot;h-4 w-4 text-primary focus:ring-primary border-input rounded&quot;
                  id=&quot;rememberMe&quot;
                  name=&quot;rememberMe&quot;
                  type=&quot;checkbox&quot;
                /&gt;
                &lt;label
                  class=&quot;font-medium peer-disabled:cursor-not-allowed peer-disabled:opacity-70 text-sm text-muted-foreground cursor-pointer&quot;
                  for=&quot;rememberMe&quot;
                &gt;
                  Remember me for 30 days
                &lt;/label&gt;
              &lt;/div&gt;
              &lt;button
                class=&quot;inline-flex items-center justify-center whitespace-nowrap rounded-md font-medium ring-offset-background transition-colors focus-visible:outline-none focus-visible:ring-2 focus-visible:ring-ring focus-visible:ring-offset-2 disabled:pointer-events-none disabled:opacity-50 bg-primary text-primary-foreground hover:bg-primary/90 h-14 px-6 text-lg min-w-14 w-full&quot;
                type=&quot;submit&quot;
              &gt;
                Sign In
              &lt;/button&gt;
              &lt;div
                class=&quot;text-center text-sm text-muted-foreground&quot;
              &gt;
                &lt;p&gt;
                  Having trouble signing in?
                &lt;/p&gt;
                &lt;p&gt;
                  Contact your system administrator for assistance.
                &lt;/p&gt;
              &lt;/div&gt;
            &lt;/form&gt;
          &lt;/div&gt;
        &lt;/div&gt;
        &lt;div
          class=&quot;absolute bottom-4 right-4 text-xs text-muted-foreground&quot;
        &gt;
          &lt;p&gt;
            Industrial ADAM Platform v
            1.0.0
          &lt;/p&gt;
          &lt;p&gt;
            © 2025 Industrial Automation Solutions
          &lt;/p&gt;
        &lt;/div&gt;
      &lt;/div&gt;
    &lt;/div&gt;
  &lt;/body&gt;
&lt;/html&gt;

- Expected
+ Received

- true
+ false

 ❯ src/__tests__/integration/auth-flow.test.tsx:70:44
 ❯ runWithExpensiveErrorDiagnosticsDisabled node_modules/@testing-library/dom/dist/config.js:47:12
 ❯ checkCallback node_modules/@testing-library/dom/dist/wait-for.js:124:77
 ❯ Timeout.checkRealTimersCallback node_modules/@testing-library/dom/dist/wait-for.js:118:16
            </failure>
        </testcase>
        <testcase classname="src/__tests__/integration/auth-flow.test.tsx" name="Authentication Flow Integration &gt; Successful Login Flow &gt; should set appropriate dashboard layout for different roles" time="1.159">
            <failure message="expected undefined to be &apos;admin&apos; // Object.is equality

Ignored nodes: comments, script, style
[36m&lt;html&gt;[39m
  [36m&lt;head /&gt;[39m
  [36m&lt;body&gt;[39m
    [36m&lt;div&gt;[39m
      [36m&lt;div[39m
        [33mclass[39m=[32m&quot;min-h-screen flex items-center justify-center bg-gradient-to-br from-primary-50 to-primary-100 p-4&quot;[39m
      [36m&gt;[39m
        [36m&lt;div[39m
          [33mclass[39m=[32m&quot;rounded-lg border bg-card text-card-foreground w-full max-w-md shadow-2xl&quot;[39m
        [36m&gt;[39m
          [36m&lt;div[39m
            [33mclass[39m=[32m&quot;flex flex-col p-6 space-y-4 text-center&quot;[39m
          [36m&gt;[39m
            [36m&lt;div[39m
              [33mclass[39m=[32m&quot;mx-auto w-16 h-16 bg-primary/10 rounded-full flex items-center justify-center&quot;[39m
            [36m&gt;[39m
              [36m&lt;svg[39m
                [33mclass[39m=[32m&quot;lucide lucide-shield w-8 h-8 text-primary&quot;[39m
                [33mfill[39m=[32m&quot;none&quot;[39m
                [33mheight[39m=[32m&quot;24&quot;[39m
                [33mstroke[39m=[32m&quot;currentColor&quot;[39m
                [33mstroke-linecap[39m=[32m&quot;round&quot;[39m
                [33mstroke-linejoin[39m=[32m&quot;round&quot;[39m
                [33mstroke-width[39m=[32m&quot;2&quot;[39m
                [33mviewBox[39m=[32m&quot;0 0 24 24&quot;[39m
                [33mwidth[39m=[32m&quot;24&quot;[39m
                [33mxmlns[39m=[32m&quot;http://www.w3.org/2000/svg&quot;[39m
              [36m&gt;[39m
                [36m&lt;path[39m
                  [33md[39m=[32m&quot;M20 13c0 5-3.5 7.5-7.66 8.95a1 1 0 0 1-.67-.01C7.5 20.5 4 18 4 13V6a1 1 0 0 1 1-1c2 0 4.5-1.2 6.24-2.72a1.17 1.17 0 0 1 1.52 0C14.51 3.81 17 5 19 5a1 1 0 0 1 1 1z&quot;[39m
                [36m/&gt;[39m
              [36m&lt;/svg&gt;[39m
            [36m&lt;/div&gt;[39m
            [36m&lt;div&gt;[39m
              [36m&lt;h3[39m
                [33mclass[39m=[32m&quot;tracking-tight text-2xl font-bold text-foreground&quot;[39m
              [36m&gt;[39m
                [0mIndustrial ADAM Platform[0m
              [36m&lt;/h3&gt;[39m
              [36m&lt;p[39m
                [33mclass[39m=[32m&quot;text-sm text-muted-foreground mt-2&quot;[39m
              [36m&gt;[39m
                [0mSign in to access your industrial monitoring system[0m
              [36m&lt;/p&gt;[39m
            [36m&lt;/div&gt;[39m
          [36m&lt;/div&gt;[39m
          [36m&lt;div[39m
            [33mclass[39m=[32m&quot;p-6 pt-0&quot;[39m
          [36m&gt;[39m
            [36m&lt;form[39m
              [33mclass[39m=[32m&quot;space-y-6&quot;[39m
            [36m&gt;[39m
              [36m&lt;div[39m
                [33mclass[39m=[32m&quot;relative w-full rounded-lg border p-4 [&amp;&gt;svg~*]:pl-7 [&amp;&gt;svg+div]:translate-y-[-3px] [&amp;&gt;svg]:absolute [&amp;&gt;svg]:left-4 [&amp;&gt;svg]:top-4 border-destructive/50 text-destructive dark:border-destructive [&amp;&gt;svg]:text-destructive&quot;[39m
                [33mdata-variant[39m=[32m&quot;destructive&quot;[39m
                [33mrole[39m=[32m&quot;alert&quot;[39m
              [36m&gt;[39m
                [36m&lt;div[39m
                  [33mclass[39m=[32m&quot;text-sm [&amp;_p]:leading-relaxed&quot;[39m
                [36m&gt;[39m
                  [0mThe requested resource was not found. It may have been moved or deleted.[0m
                [36m&lt;/div&gt;[39m
              [36m&lt;/div&gt;[39m
              [36m&lt;div[39m
                [33mclass[39m=[32m&quot;space-y-2&quot;[39m
              [36m&gt;[39m
                [36m&lt;label[39m
                  [33mclass[39m=[32m&quot;peer-disabled:cursor-not-allowed peer-disabled:opacity-70 text-sm font-medium&quot;[39m
                  [33mfor[39m=[32m&quot;username&quot;[39m
                [36m&gt;[39m
                  [0mUsername[0m
                [36m&lt;/label&gt;[39m
                [36m&lt;input[39m
                  [33mautocomplete[39m=[32m&quot;username&quot;[39m
                  [33mclass[39m=[32m&quot;flex w-full rounded-md border border-input bg-background px-3 py-2 ring-offset-background file:border-0 file:bg-transparent file:text-sm file:font-medium placeholder:text-muted-foreground focus-visible:outline-none focus-visible:ring-2 focus-visible:ring-ring focus-visible:ring-offset-2 disabled:cursor-not-allowed disabled:opacity-50 h-12 text-base&quot;[39m
                  [33mid[39m=[32m&quot;username&quot;[39m
                  [33mname[39m=[32m&quot;username&quot;[39m
                  [33mplaceholder[39m=[32m&quot;Enter your username&quot;[39m
                  [33mrequired[39m=[32m&quot;&quot;[39m
                  [33mtype[39m=[32m&quot;text&quot;[39m
                  [33mvalue[39m=[32m&quot;test.admin&quot;[39m
                [36m/&gt;[39m
              [36m&lt;/div&gt;[39m
              [36m&lt;div[39m
                [33mclass[39m=[32m&quot;space-y-2&quot;[39m
              [36m&gt;[39m
                [36m&lt;label[39m
                  [33mclass[39m=[32m&quot;peer-disabled:cursor-not-allowed peer-disabled:opacity-70 text-sm font-medium&quot;[39m
                  [33mfor[39m=[32m&quot;password&quot;[39m
                [36m&gt;[39m
                  [0mPassword[0m
                [36m&lt;/label&gt;[39m
                [36m&lt;input[39m
                  [33mautocomplete[39m=[32m&quot;current-password&quot;[39m
                  [33mclass[39m=[32m&quot;flex w-full rounded-md border border-input bg-background px-3 py-2 ring-offset-background file:border-0 file:bg-transparent file:text-sm file:font-medium placeholder:text-muted-foreground focus-visible:outline-none focus-visible:ring-2 focus-visible:ring-ring focus-visible:ring-offset-2 disabled:cursor-not-allowed disabled:opacity-50 h-12 text-base&quot;[39m
                  [33mid[39m=[32m&quot;password&quot;[39m
                  [33mname[39m=[32m&quot;password&quot;[39m
                  [33mplaceholder[39m=[32m&quot;Enter your password&quot;[39m
                  [33mrequired[39m=[32m&quot;&quot;[39m
                  [33mtype[39m=[32m&quot;password&quot;[39m
                  [33mvalue[39m=[32m&quot;test123&quot;[39m
                [36m/&gt;[39m
              [36m&lt;/div&gt;[39m
              [36m&lt;div[39m
                [33mclass[39m=[32m&quot;flex items-center space-x-2&quot;[39m
              [36m&gt;[39m
                [36m&lt;input[39m
                  [33mclass[39m=[32m&quot;h-4 w-4 text-primary focus:ring-primary border-input rounded&quot;[39m
                  [33mid[39m=[32m&quot;rememberMe&quot;[39m
                  [33mname[39m=[32m&quot;rememberMe&quot;[39m
                  [33mtype[39m=[32m&quot;checkbox&quot;[39m
                [36m/&gt;[39m
                [36m&lt;label[39m
                  [33mclass[39m=[32m&quot;font-medium peer-disabled:cursor-not-allowed peer-disabled:opacity-70 text-sm text-muted-foreground cursor-pointer&quot;[39m
                  [33mfor[39m=[32m&quot;rememberMe&quot;[39m
                [36m&gt;[39m
                  [0mRemember me for 30 days[0m
                [36m&lt;/label&gt;[39m
              [36m&lt;/div&gt;[39m
              [36m&lt;button[39m
                [33mclass[39m=[32m&quot;inline-flex items-center justify-center whitespace-nowrap rounded-md font-medium ring-offset-background transition-colors focus-visible:outline-none focus-visible:ring-2 focus-visible:ring-ring focus-visible:ring-offset-2 disabled:pointer-events-none disabled:opacity-50 bg-primary text-primary-foreground hover:bg-primary/90 h-14 px-6 text-lg min-w-14 w-full&quot;[39m
                [33mtype[39m=[32m&quot;submit&quot;[39m
              [36m&gt;[39m
                [0mSign In[0m
              [36m&lt;/button&gt;[39m
              [36m&lt;div[39m
                [33mclass[39m=[32m&quot;text-center text-sm text-muted-foreground&quot;[39m
              [36m&gt;[39m
                [36m&lt;p&gt;[39m
                  [0mHaving trouble signing in?[0m
                [36m&lt;/p&gt;[39m
                [36m&lt;p&gt;[39m
                  [0mContact your system administrator for assistance.[0m
                [36m&lt;/p&gt;[39m
              [36m&lt;/div&gt;[39m
            [36m&lt;/form&gt;[39m
          [36m&lt;/div&gt;[39m
        [36m&lt;/div&gt;[39m
        [36m&lt;div[39m
          [33mclass[39m=[32m&quot;absolute bottom-4 right-4 text-xs text-muted-foreground&quot;[39m
        [36m&gt;[39m
          [36m&lt;p&gt;[39m
            [0mIndustrial ADAM Platform v[0m
            [0m1.0.0[0m
          [36m&lt;/p&gt;[39m
          [36m&lt;p&gt;[39m
            [0m© 2025 Industrial Automation Solutions[0m
          [36m&lt;/p&gt;[39m
        [36m&lt;/div&gt;[39m
      [36m&lt;/div&gt;[39m
    [36m&lt;/div&gt;[39m
  [36m&lt;/body&gt;[39m
[36m&lt;/html&gt;[39m" type="AssertionError">
AssertionError: expected undefined to be &apos;admin&apos; // Object.is equality

Ignored nodes: comments, script, style
&lt;html&gt;
  &lt;head /&gt;
  &lt;body&gt;
    &lt;div&gt;
      &lt;div
        class=&quot;min-h-screen flex items-center justify-center bg-gradient-to-br from-primary-50 to-primary-100 p-4&quot;
      &gt;
        &lt;div
          class=&quot;rounded-lg border bg-card text-card-foreground w-full max-w-md shadow-2xl&quot;
        &gt;
          &lt;div
            class=&quot;flex flex-col p-6 space-y-4 text-center&quot;
          &gt;
            &lt;div
              class=&quot;mx-auto w-16 h-16 bg-primary/10 rounded-full flex items-center justify-center&quot;
            &gt;
              &lt;svg
                class=&quot;lucide lucide-shield w-8 h-8 text-primary&quot;
                fill=&quot;none&quot;
                height=&quot;24&quot;
                stroke=&quot;currentColor&quot;
                stroke-linecap=&quot;round&quot;
                stroke-linejoin=&quot;round&quot;
                stroke-width=&quot;2&quot;
                viewBox=&quot;0 0 24 24&quot;
                width=&quot;24&quot;
                xmlns=&quot;http://www.w3.org/2000/svg&quot;
              &gt;
                &lt;path
                  d=&quot;M20 13c0 5-3.5 7.5-7.66 8.95a1 1 0 0 1-.67-.01C7.5 20.5 4 18 4 13V6a1 1 0 0 1 1-1c2 0 4.5-1.2 6.24-2.72a1.17 1.17 0 0 1 1.52 0C14.51 3.81 17 5 19 5a1 1 0 0 1 1 1z&quot;
                /&gt;
              &lt;/svg&gt;
            &lt;/div&gt;
            &lt;div&gt;
              &lt;h3
                class=&quot;tracking-tight text-2xl font-bold text-foreground&quot;
              &gt;
                Industrial ADAM Platform
              &lt;/h3&gt;
              &lt;p
                class=&quot;text-sm text-muted-foreground mt-2&quot;
              &gt;
                Sign in to access your industrial monitoring system
              &lt;/p&gt;
            &lt;/div&gt;
          &lt;/div&gt;
          &lt;div
            class=&quot;p-6 pt-0&quot;
          &gt;
            &lt;form
              class=&quot;space-y-6&quot;
            &gt;
              &lt;div
                class=&quot;relative w-full rounded-lg border p-4 [&amp;&gt;svg~*]:pl-7 [&amp;&gt;svg+div]:translate-y-[-3px] [&amp;&gt;svg]:absolute [&amp;&gt;svg]:left-4 [&amp;&gt;svg]:top-4 border-destructive/50 text-destructive dark:border-destructive [&amp;&gt;svg]:text-destructive&quot;
                data-variant=&quot;destructive&quot;
                role=&quot;alert&quot;
              &gt;
                &lt;div
                  class=&quot;text-sm [&amp;_p]:leading-relaxed&quot;
                &gt;
                  The requested resource was not found. It may have been moved or deleted.
                &lt;/div&gt;
              &lt;/div&gt;
              &lt;div
                class=&quot;space-y-2&quot;
              &gt;
                &lt;label
                  class=&quot;peer-disabled:cursor-not-allowed peer-disabled:opacity-70 text-sm font-medium&quot;
                  for=&quot;username&quot;
                &gt;
                  Username
                &lt;/label&gt;
                &lt;input
                  autocomplete=&quot;username&quot;
                  class=&quot;flex w-full rounded-md border border-input bg-background px-3 py-2 ring-offset-background file:border-0 file:bg-transparent file:text-sm file:font-medium placeholder:text-muted-foreground focus-visible:outline-none focus-visible:ring-2 focus-visible:ring-ring focus-visible:ring-offset-2 disabled:cursor-not-allowed disabled:opacity-50 h-12 text-base&quot;
                  id=&quot;username&quot;
                  name=&quot;username&quot;
                  placeholder=&quot;Enter your username&quot;
                  required=&quot;&quot;
                  type=&quot;text&quot;
                  value=&quot;test.admin&quot;
                /&gt;
              &lt;/div&gt;
              &lt;div
                class=&quot;space-y-2&quot;
              &gt;
                &lt;label
                  class=&quot;peer-disabled:cursor-not-allowed peer-disabled:opacity-70 text-sm font-medium&quot;
                  for=&quot;password&quot;
                &gt;
                  Password
                &lt;/label&gt;
                &lt;input
                  autocomplete=&quot;current-password&quot;
                  class=&quot;flex w-full rounded-md border border-input bg-background px-3 py-2 ring-offset-background file:border-0 file:bg-transparent file:text-sm file:font-medium placeholder:text-muted-foreground focus-visible:outline-none focus-visible:ring-2 focus-visible:ring-ring focus-visible:ring-offset-2 disabled:cursor-not-allowed disabled:opacity-50 h-12 text-base&quot;
                  id=&quot;password&quot;
                  name=&quot;password&quot;
                  placeholder=&quot;Enter your password&quot;
                  required=&quot;&quot;
                  type=&quot;password&quot;
                  value=&quot;test123&quot;
                /&gt;
              &lt;/div&gt;
              &lt;div
                class=&quot;flex items-center space-x-2&quot;
              &gt;
                &lt;input
                  class=&quot;h-4 w-4 text-primary focus:ring-primary border-input rounded&quot;
                  id=&quot;rememberMe&quot;
                  name=&quot;rememberMe&quot;
                  type=&quot;checkbox&quot;
                /&gt;
                &lt;label
                  class=&quot;font-medium peer-disabled:cursor-not-allowed peer-disabled:opacity-70 text-sm text-muted-foreground cursor-pointer&quot;
                  for=&quot;rememberMe&quot;
                &gt;
                  Remember me for 30 days
                &lt;/label&gt;
              &lt;/div&gt;
              &lt;button
                class=&quot;inline-flex items-center justify-center whitespace-nowrap rounded-md font-medium ring-offset-background transition-colors focus-visible:outline-none focus-visible:ring-2 focus-visible:ring-ring focus-visible:ring-offset-2 disabled:pointer-events-none disabled:opacity-50 bg-primary text-primary-foreground hover:bg-primary/90 h-14 px-6 text-lg min-w-14 w-full&quot;
                type=&quot;submit&quot;
              &gt;
                Sign In
              &lt;/button&gt;
              &lt;div
                class=&quot;text-center text-sm text-muted-foreground&quot;
              &gt;
                &lt;p&gt;
                  Having trouble signing in?
                &lt;/p&gt;
                &lt;p&gt;
                  Contact your system administrator for assistance.
                &lt;/p&gt;
              &lt;/div&gt;
            &lt;/form&gt;
          &lt;/div&gt;
        &lt;/div&gt;
        &lt;div
          class=&quot;absolute bottom-4 right-4 text-xs text-muted-foreground&quot;
        &gt;
          &lt;p&gt;
            Industrial ADAM Platform v
            1.0.0
          &lt;/p&gt;
          &lt;p&gt;
            © 2025 Industrial Automation Solutions
          &lt;/p&gt;
        &lt;/div&gt;
      &lt;/div&gt;
    &lt;/div&gt;
  &lt;/body&gt;
&lt;/html&gt;

- Expected: 
&quot;admin&quot;

+ Received: 
undefined

 ❯ src/__tests__/integration/auth-flow.test.tsx:95:39
 ❯ runWithExpensiveErrorDiagnosticsDisabled node_modules/@testing-library/dom/dist/config.js:47:12
 ❯ checkCallback node_modules/@testing-library/dom/dist/wait-for.js:124:77
 ❯ Timeout.checkRealTimersCallback node_modules/@testing-library/dom/dist/wait-for.js:118:16
            </failure>
        </testcase>
        <testcase classname="src/__tests__/integration/auth-flow.test.tsx" name="Authentication Flow Integration &gt; Successful Login Flow &gt; should handle supervisor login correctly" time="1.168">
            <failure message="expected false to be true // Object.is equality

Ignored nodes: comments, script, style
[36m&lt;html&gt;[39m
  [36m&lt;head /&gt;[39m
  [36m&lt;body&gt;[39m
    [36m&lt;div&gt;[39m
      [36m&lt;div[39m
        [33mclass[39m=[32m&quot;min-h-screen flex items-center justify-center bg-gradient-to-br from-primary-50 to-primary-100 p-4&quot;[39m
      [36m&gt;[39m
        [36m&lt;div[39m
          [33mclass[39m=[32m&quot;rounded-lg border bg-card text-card-foreground w-full max-w-md shadow-2xl&quot;[39m
        [36m&gt;[39m
          [36m&lt;div[39m
            [33mclass[39m=[32m&quot;flex flex-col p-6 space-y-4 text-center&quot;[39m
          [36m&gt;[39m
            [36m&lt;div[39m
              [33mclass[39m=[32m&quot;mx-auto w-16 h-16 bg-primary/10 rounded-full flex items-center justify-center&quot;[39m
            [36m&gt;[39m
              [36m&lt;svg[39m
                [33mclass[39m=[32m&quot;lucide lucide-shield w-8 h-8 text-primary&quot;[39m
                [33mfill[39m=[32m&quot;none&quot;[39m
                [33mheight[39m=[32m&quot;24&quot;[39m
                [33mstroke[39m=[32m&quot;currentColor&quot;[39m
                [33mstroke-linecap[39m=[32m&quot;round&quot;[39m
                [33mstroke-linejoin[39m=[32m&quot;round&quot;[39m
                [33mstroke-width[39m=[32m&quot;2&quot;[39m
                [33mviewBox[39m=[32m&quot;0 0 24 24&quot;[39m
                [33mwidth[39m=[32m&quot;24&quot;[39m
                [33mxmlns[39m=[32m&quot;http://www.w3.org/2000/svg&quot;[39m
              [36m&gt;[39m
                [36m&lt;path[39m
                  [33md[39m=[32m&quot;M20 13c0 5-3.5 7.5-7.66 8.95a1 1 0 0 1-.67-.01C7.5 20.5 4 18 4 13V6a1 1 0 0 1 1-1c2 0 4.5-1.2 6.24-2.72a1.17 1.17 0 0 1 1.52 0C14.51 3.81 17 5 19 5a1 1 0 0 1 1 1z&quot;[39m
                [36m/&gt;[39m
              [36m&lt;/svg&gt;[39m
            [36m&lt;/div&gt;[39m
            [36m&lt;div&gt;[39m
              [36m&lt;h3[39m
                [33mclass[39m=[32m&quot;tracking-tight text-2xl font-bold text-foreground&quot;[39m
              [36m&gt;[39m
                [0mIndustrial ADAM Platform[0m
              [36m&lt;/h3&gt;[39m
              [36m&lt;p[39m
                [33mclass[39m=[32m&quot;text-sm text-muted-foreground mt-2&quot;[39m
              [36m&gt;[39m
                [0mSign in to access your industrial monitoring system[0m
              [36m&lt;/p&gt;[39m
            [36m&lt;/div&gt;[39m
          [36m&lt;/div&gt;[39m
          [36m&lt;div[39m
            [33mclass[39m=[32m&quot;p-6 pt-0&quot;[39m
          [36m&gt;[39m
            [36m&lt;form[39m
              [33mclass[39m=[32m&quot;space-y-6&quot;[39m
            [36m&gt;[39m
              [36m&lt;div[39m
                [33mclass[39m=[32m&quot;relative w-full rounded-lg border p-4 [&amp;&gt;svg~*]:pl-7 [&amp;&gt;svg+div]:translate-y-[-3px] [&amp;&gt;svg]:absolute [&amp;&gt;svg]:left-4 [&amp;&gt;svg]:top-4 border-destructive/50 text-destructive dark:border-destructive [&amp;&gt;svg]:text-destructive&quot;[39m
                [33mdata-variant[39m=[32m&quot;destructive&quot;[39m
                [33mrole[39m=[32m&quot;alert&quot;[39m
              [36m&gt;[39m
                [36m&lt;div[39m
                  [33mclass[39m=[32m&quot;text-sm [&amp;_p]:leading-relaxed&quot;[39m
                [36m&gt;[39m
                  [0mThe requested resource was not found. It may have been moved or deleted.[0m
                [36m&lt;/div&gt;[39m
              [36m&lt;/div&gt;[39m
              [36m&lt;div[39m
                [33mclass[39m=[32m&quot;space-y-2&quot;[39m
              [36m&gt;[39m
                [36m&lt;label[39m
                  [33mclass[39m=[32m&quot;peer-disabled:cursor-not-allowed peer-disabled:opacity-70 text-sm font-medium&quot;[39m
                  [33mfor[39m=[32m&quot;username&quot;[39m
                [36m&gt;[39m
                  [0mUsername[0m
                [36m&lt;/label&gt;[39m
                [36m&lt;input[39m
                  [33mautocomplete[39m=[32m&quot;username&quot;[39m
                  [33mclass[39m=[32m&quot;flex w-full rounded-md border border-input bg-background px-3 py-2 ring-offset-background file:border-0 file:bg-transparent file:text-sm file:font-medium placeholder:text-muted-foreground focus-visible:outline-none focus-visible:ring-2 focus-visible:ring-ring focus-visible:ring-offset-2 disabled:cursor-not-allowed disabled:opacity-50 h-12 text-base&quot;[39m
                  [33mid[39m=[32m&quot;username&quot;[39m
                  [33mname[39m=[32m&quot;username&quot;[39m
                  [33mplaceholder[39m=[32m&quot;Enter your username&quot;[39m
                  [33mrequired[39m=[32m&quot;&quot;[39m
                  [33mtype[39m=[32m&quot;text&quot;[39m
                  [33mvalue[39m=[32m&quot;test.supervisor&quot;[39m
                [36m/&gt;[39m
              [36m&lt;/div&gt;[39m
              [36m&lt;div[39m
                [33mclass[39m=[32m&quot;space-y-2&quot;[39m
              [36m&gt;[39m
                [36m&lt;label[39m
                  [33mclass[39m=[32m&quot;peer-disabled:cursor-not-allowed peer-disabled:opacity-70 text-sm font-medium&quot;[39m
                  [33mfor[39m=[32m&quot;password&quot;[39m
                [36m&gt;[39m
                  [0mPassword[0m
                [36m&lt;/label&gt;[39m
                [36m&lt;input[39m
                  [33mautocomplete[39m=[32m&quot;current-password&quot;[39m
                  [33mclass[39m=[32m&quot;flex w-full rounded-md border border-input bg-background px-3 py-2 ring-offset-background file:border-0 file:bg-transparent file:text-sm file:font-medium placeholder:text-muted-foreground focus-visible:outline-none focus-visible:ring-2 focus-visible:ring-ring focus-visible:ring-offset-2 disabled:cursor-not-allowed disabled:opacity-50 h-12 text-base&quot;[39m
                  [33mid[39m=[32m&quot;password&quot;[39m
                  [33mname[39m=[32m&quot;password&quot;[39m
                  [33mplaceholder[39m=[32m&quot;Enter your password&quot;[39m
                  [33mrequired[39m=[32m&quot;&quot;[39m
                  [33mtype[39m=[32m&quot;password&quot;[39m
                  [33mvalue[39m=[32m&quot;test123&quot;[39m
                [36m/&gt;[39m
              [36m&lt;/div&gt;[39m
              [36m&lt;div[39m
                [33mclass[39m=[32m&quot;flex items-center space-x-2&quot;[39m
              [36m&gt;[39m
                [36m&lt;input[39m
                  [33mclass[39m=[32m&quot;h-4 w-4 text-primary focus:ring-primary border-input rounded&quot;[39m
                  [33mid[39m=[32m&quot;rememberMe&quot;[39m
                  [33mname[39m=[32m&quot;rememberMe&quot;[39m
                  [33mtype[39m=[32m&quot;checkbox&quot;[39m
                [36m/&gt;[39m
                [36m&lt;label[39m
                  [33mclass[39m=[32m&quot;font-medium peer-disabled:cursor-not-allowed peer-disabled:opacity-70 text-sm text-muted-foreground cursor-pointer&quot;[39m
                  [33mfor[39m=[32m&quot;rememberMe&quot;[39m
                [36m&gt;[39m
                  [0mRemember me for 30 days[0m
                [36m&lt;/label&gt;[39m
              [36m&lt;/div&gt;[39m
              [36m&lt;button[39m
                [33mclass[39m=[32m&quot;inline-flex items-center justify-center whitespace-nowrap rounded-md font-medium ring-offset-background transition-colors focus-visible:outline-none focus-visible:ring-2 focus-visible:ring-ring focus-visible:ring-offset-2 disabled:pointer-events-none disabled:opacity-50 bg-primary text-primary-foreground hover:bg-primary/90 h-14 px-6 text-lg min-w-14 w-full&quot;[39m
                [33mtype[39m=[32m&quot;submit&quot;[39m
              [36m&gt;[39m
                [0mSign In[0m
              [36m&lt;/button&gt;[39m
              [36m&lt;div[39m
                [33mclass[39m=[32m&quot;text-center text-sm text-muted-foreground&quot;[39m
              [36m&gt;[39m
                [36m&lt;p&gt;[39m
                  [0mHaving trouble signing in?[0m
                [36m&lt;/p&gt;[39m
                [36m&lt;p&gt;[39m
                  [0mContact your system administrator for assistance.[0m
                [36m&lt;/p&gt;[39m
              [36m&lt;/div&gt;[39m
            [36m&lt;/form&gt;[39m
          [36m&lt;/div&gt;[39m
        [36m&lt;/div&gt;[39m
        [36m&lt;div[39m
          [33mclass[39m=[32m&quot;absolute bottom-4 right-4 text-xs text-muted-foreground&quot;[39m
        [36m&gt;[39m
          [36m&lt;p&gt;[39m
            [0mIndustrial ADAM Platform v[0m
            [0m1.0.0[0m
          [36m&lt;/p&gt;[39m
          [36m&lt;p&gt;[39m
            [0m© 2025 Industrial Automation Solutions[0m
          [36m&lt;/p&gt;[39m
        [36m&lt;/div&gt;[39m
      [36m&lt;/div&gt;[39m
    [36m&lt;/div&gt;[39m
  [36m&lt;/body&gt;[39m
[36m&lt;/html&gt;[39m" type="AssertionError">
AssertionError: expected false to be true // Object.is equality

Ignored nodes: comments, script, style
&lt;html&gt;
  &lt;head /&gt;
  &lt;body&gt;
    &lt;div&gt;
      &lt;div
        class=&quot;min-h-screen flex items-center justify-center bg-gradient-to-br from-primary-50 to-primary-100 p-4&quot;
      &gt;
        &lt;div
          class=&quot;rounded-lg border bg-card text-card-foreground w-full max-w-md shadow-2xl&quot;
        &gt;
          &lt;div
            class=&quot;flex flex-col p-6 space-y-4 text-center&quot;
          &gt;
            &lt;div
              class=&quot;mx-auto w-16 h-16 bg-primary/10 rounded-full flex items-center justify-center&quot;
            &gt;
              &lt;svg
                class=&quot;lucide lucide-shield w-8 h-8 text-primary&quot;
                fill=&quot;none&quot;
                height=&quot;24&quot;
                stroke=&quot;currentColor&quot;
                stroke-linecap=&quot;round&quot;
                stroke-linejoin=&quot;round&quot;
                stroke-width=&quot;2&quot;
                viewBox=&quot;0 0 24 24&quot;
                width=&quot;24&quot;
                xmlns=&quot;http://www.w3.org/2000/svg&quot;
              &gt;
                &lt;path
                  d=&quot;M20 13c0 5-3.5 7.5-7.66 8.95a1 1 0 0 1-.67-.01C7.5 20.5 4 18 4 13V6a1 1 0 0 1 1-1c2 0 4.5-1.2 6.24-2.72a1.17 1.17 0 0 1 1.52 0C14.51 3.81 17 5 19 5a1 1 0 0 1 1 1z&quot;
                /&gt;
              &lt;/svg&gt;
            &lt;/div&gt;
            &lt;div&gt;
              &lt;h3
                class=&quot;tracking-tight text-2xl font-bold text-foreground&quot;
              &gt;
                Industrial ADAM Platform
              &lt;/h3&gt;
              &lt;p
                class=&quot;text-sm text-muted-foreground mt-2&quot;
              &gt;
                Sign in to access your industrial monitoring system
              &lt;/p&gt;
            &lt;/div&gt;
          &lt;/div&gt;
          &lt;div
            class=&quot;p-6 pt-0&quot;
          &gt;
            &lt;form
              class=&quot;space-y-6&quot;
            &gt;
              &lt;div
                class=&quot;relative w-full rounded-lg border p-4 [&amp;&gt;svg~*]:pl-7 [&amp;&gt;svg+div]:translate-y-[-3px] [&amp;&gt;svg]:absolute [&amp;&gt;svg]:left-4 [&amp;&gt;svg]:top-4 border-destructive/50 text-destructive dark:border-destructive [&amp;&gt;svg]:text-destructive&quot;
                data-variant=&quot;destructive&quot;
                role=&quot;alert&quot;
              &gt;
                &lt;div
                  class=&quot;text-sm [&amp;_p]:leading-relaxed&quot;
                &gt;
                  The requested resource was not found. It may have been moved or deleted.
                &lt;/div&gt;
              &lt;/div&gt;
              &lt;div
                class=&quot;space-y-2&quot;
              &gt;
                &lt;label
                  class=&quot;peer-disabled:cursor-not-allowed peer-disabled:opacity-70 text-sm font-medium&quot;
                  for=&quot;username&quot;
                &gt;
                  Username
                &lt;/label&gt;
                &lt;input
                  autocomplete=&quot;username&quot;
                  class=&quot;flex w-full rounded-md border border-input bg-background px-3 py-2 ring-offset-background file:border-0 file:bg-transparent file:text-sm file:font-medium placeholder:text-muted-foreground focus-visible:outline-none focus-visible:ring-2 focus-visible:ring-ring focus-visible:ring-offset-2 disabled:cursor-not-allowed disabled:opacity-50 h-12 text-base&quot;
                  id=&quot;username&quot;
                  name=&quot;username&quot;
                  placeholder=&quot;Enter your username&quot;
                  required=&quot;&quot;
                  type=&quot;text&quot;
                  value=&quot;test.supervisor&quot;
                /&gt;
              &lt;/div&gt;
              &lt;div
                class=&quot;space-y-2&quot;
              &gt;
                &lt;label
                  class=&quot;peer-disabled:cursor-not-allowed peer-disabled:opacity-70 text-sm font-medium&quot;
                  for=&quot;password&quot;
                &gt;
                  Password
                &lt;/label&gt;
                &lt;input
                  autocomplete=&quot;current-password&quot;
                  class=&quot;flex w-full rounded-md border border-input bg-background px-3 py-2 ring-offset-background file:border-0 file:bg-transparent file:text-sm file:font-medium placeholder:text-muted-foreground focus-visible:outline-none focus-visible:ring-2 focus-visible:ring-ring focus-visible:ring-offset-2 disabled:cursor-not-allowed disabled:opacity-50 h-12 text-base&quot;
                  id=&quot;password&quot;
                  name=&quot;password&quot;
                  placeholder=&quot;Enter your password&quot;
                  required=&quot;&quot;
                  type=&quot;password&quot;
                  value=&quot;test123&quot;
                /&gt;
              &lt;/div&gt;
              &lt;div
                class=&quot;flex items-center space-x-2&quot;
              &gt;
                &lt;input
                  class=&quot;h-4 w-4 text-primary focus:ring-primary border-input rounded&quot;
                  id=&quot;rememberMe&quot;
                  name=&quot;rememberMe&quot;
                  type=&quot;checkbox&quot;
                /&gt;
                &lt;label
                  class=&quot;font-medium peer-disabled:cursor-not-allowed peer-disabled:opacity-70 text-sm text-muted-foreground cursor-pointer&quot;
                  for=&quot;rememberMe&quot;
                &gt;
                  Remember me for 30 days
                &lt;/label&gt;
              &lt;/div&gt;
              &lt;button
                class=&quot;inline-flex items-center justify-center whitespace-nowrap rounded-md font-medium ring-offset-background transition-colors focus-visible:outline-none focus-visible:ring-2 focus-visible:ring-ring focus-visible:ring-offset-2 disabled:pointer-events-none disabled:opacity-50 bg-primary text-primary-foreground hover:bg-primary/90 h-14 px-6 text-lg min-w-14 w-full&quot;
                type=&quot;submit&quot;
              &gt;
                Sign In
              &lt;/button&gt;
              &lt;div
                class=&quot;text-center text-sm text-muted-foreground&quot;
              &gt;
                &lt;p&gt;
                  Having trouble signing in?
                &lt;/p&gt;
                &lt;p&gt;
                  Contact your system administrator for assistance.
                &lt;/p&gt;
              &lt;/div&gt;
            &lt;/form&gt;
          &lt;/div&gt;
        &lt;/div&gt;
        &lt;div
          class=&quot;absolute bottom-4 right-4 text-xs text-muted-foreground&quot;
        &gt;
          &lt;p&gt;
            Industrial ADAM Platform v
            1.0.0
          &lt;/p&gt;
          &lt;p&gt;
            © 2025 Industrial Automation Solutions
          &lt;/p&gt;
        &lt;/div&gt;
      &lt;/div&gt;
    &lt;/div&gt;
  &lt;/body&gt;
&lt;/html&gt;

- Expected
+ Received

- true
+ false

 ❯ src/__tests__/integration/auth-flow.test.tsx:115:44
 ❯ runWithExpensiveErrorDiagnosticsDisabled node_modules/@testing-library/dom/dist/config.js:47:12
 ❯ checkCallback node_modules/@testing-library/dom/dist/wait-for.js:124:77
 ❯ Timeout.checkRealTimersCallback node_modules/@testing-library/dom/dist/wait-for.js:118:16
            </failure>
        </testcase>
        <testcase classname="src/__tests__/integration/auth-flow.test.tsx" name="Authentication Flow Integration &gt; Successful Login Flow &gt; should handle operator login with limited permissions" time="1.151">
            <failure message="expected false to be true // Object.is equality

Ignored nodes: comments, script, style
[36m&lt;html&gt;[39m
  [36m&lt;head /&gt;[39m
  [36m&lt;body&gt;[39m
    [36m&lt;div&gt;[39m
      [36m&lt;div[39m
        [33mclass[39m=[32m&quot;min-h-screen flex items-center justify-center bg-gradient-to-br from-primary-50 to-primary-100 p-4&quot;[39m
      [36m&gt;[39m
        [36m&lt;div[39m
          [33mclass[39m=[32m&quot;rounded-lg border bg-card text-card-foreground w-full max-w-md shadow-2xl&quot;[39m
        [36m&gt;[39m
          [36m&lt;div[39m
            [33mclass[39m=[32m&quot;flex flex-col p-6 space-y-4 text-center&quot;[39m
          [36m&gt;[39m
            [36m&lt;div[39m
              [33mclass[39m=[32m&quot;mx-auto w-16 h-16 bg-primary/10 rounded-full flex items-center justify-center&quot;[39m
            [36m&gt;[39m
              [36m&lt;svg[39m
                [33mclass[39m=[32m&quot;lucide lucide-shield w-8 h-8 text-primary&quot;[39m
                [33mfill[39m=[32m&quot;none&quot;[39m
                [33mheight[39m=[32m&quot;24&quot;[39m
                [33mstroke[39m=[32m&quot;currentColor&quot;[39m
                [33mstroke-linecap[39m=[32m&quot;round&quot;[39m
                [33mstroke-linejoin[39m=[32m&quot;round&quot;[39m
                [33mstroke-width[39m=[32m&quot;2&quot;[39m
                [33mviewBox[39m=[32m&quot;0 0 24 24&quot;[39m
                [33mwidth[39m=[32m&quot;24&quot;[39m
                [33mxmlns[39m=[32m&quot;http://www.w3.org/2000/svg&quot;[39m
              [36m&gt;[39m
                [36m&lt;path[39m
                  [33md[39m=[32m&quot;M20 13c0 5-3.5 7.5-7.66 8.95a1 1 0 0 1-.67-.01C7.5 20.5 4 18 4 13V6a1 1 0 0 1 1-1c2 0 4.5-1.2 6.24-2.72a1.17 1.17 0 0 1 1.52 0C14.51 3.81 17 5 19 5a1 1 0 0 1 1 1z&quot;[39m
                [36m/&gt;[39m
              [36m&lt;/svg&gt;[39m
            [36m&lt;/div&gt;[39m
            [36m&lt;div&gt;[39m
              [36m&lt;h3[39m
                [33mclass[39m=[32m&quot;tracking-tight text-2xl font-bold text-foreground&quot;[39m
              [36m&gt;[39m
                [0mIndustrial ADAM Platform[0m
              [36m&lt;/h3&gt;[39m
              [36m&lt;p[39m
                [33mclass[39m=[32m&quot;text-sm text-muted-foreground mt-2&quot;[39m
              [36m&gt;[39m
                [0mSign in to access your industrial monitoring system[0m
              [36m&lt;/p&gt;[39m
            [36m&lt;/div&gt;[39m
          [36m&lt;/div&gt;[39m
          [36m&lt;div[39m
            [33mclass[39m=[32m&quot;p-6 pt-0&quot;[39m
          [36m&gt;[39m
            [36m&lt;form[39m
              [33mclass[39m=[32m&quot;space-y-6&quot;[39m
            [36m&gt;[39m
              [36m&lt;div[39m
                [33mclass[39m=[32m&quot;relative w-full rounded-lg border p-4 [&amp;&gt;svg~*]:pl-7 [&amp;&gt;svg+div]:translate-y-[-3px] [&amp;&gt;svg]:absolute [&amp;&gt;svg]:left-4 [&amp;&gt;svg]:top-4 border-destructive/50 text-destructive dark:border-destructive [&amp;&gt;svg]:text-destructive&quot;[39m
                [33mdata-variant[39m=[32m&quot;destructive&quot;[39m
                [33mrole[39m=[32m&quot;alert&quot;[39m
              [36m&gt;[39m
                [36m&lt;div[39m
                  [33mclass[39m=[32m&quot;text-sm [&amp;_p]:leading-relaxed&quot;[39m
                [36m&gt;[39m
                  [0mThe requested resource was not found. It may have been moved or deleted.[0m
                [36m&lt;/div&gt;[39m
              [36m&lt;/div&gt;[39m
              [36m&lt;div[39m
                [33mclass[39m=[32m&quot;space-y-2&quot;[39m
              [36m&gt;[39m
                [36m&lt;label[39m
                  [33mclass[39m=[32m&quot;peer-disabled:cursor-not-allowed peer-disabled:opacity-70 text-sm font-medium&quot;[39m
                  [33mfor[39m=[32m&quot;username&quot;[39m
                [36m&gt;[39m
                  [0mUsername[0m
                [36m&lt;/label&gt;[39m
                [36m&lt;input[39m
                  [33mautocomplete[39m=[32m&quot;username&quot;[39m
                  [33mclass[39m=[32m&quot;flex w-full rounded-md border border-input bg-background px-3 py-2 ring-offset-background file:border-0 file:bg-transparent file:text-sm file:font-medium placeholder:text-muted-foreground focus-visible:outline-none focus-visible:ring-2 focus-visible:ring-ring focus-visible:ring-offset-2 disabled:cursor-not-allowed disabled:opacity-50 h-12 text-base&quot;[39m
                  [33mid[39m=[32m&quot;username&quot;[39m
                  [33mname[39m=[32m&quot;username&quot;[39m
                  [33mplaceholder[39m=[32m&quot;Enter your username&quot;[39m
                  [33mrequired[39m=[32m&quot;&quot;[39m
                  [33mtype[39m=[32m&quot;text&quot;[39m
                  [33mvalue[39m=[32m&quot;test.operator&quot;[39m
                [36m/&gt;[39m
              [36m&lt;/div&gt;[39m
              [36m&lt;div[39m
                [33mclass[39m=[32m&quot;space-y-2&quot;[39m
              [36m&gt;[39m
                [36m&lt;label[39m
                  [33mclass[39m=[32m&quot;peer-disabled:cursor-not-allowed peer-disabled:opacity-70 text-sm font-medium&quot;[39m
                  [33mfor[39m=[32m&quot;password&quot;[39m
                [36m&gt;[39m
                  [0mPassword[0m
                [36m&lt;/label&gt;[39m
                [36m&lt;input[39m
                  [33mautocomplete[39m=[32m&quot;current-password&quot;[39m
                  [33mclass[39m=[32m&quot;flex w-full rounded-md border border-input bg-background px-3 py-2 ring-offset-background file:border-0 file:bg-transparent file:text-sm file:font-medium placeholder:text-muted-foreground focus-visible:outline-none focus-visible:ring-2 focus-visible:ring-ring focus-visible:ring-offset-2 disabled:cursor-not-allowed disabled:opacity-50 h-12 text-base&quot;[39m
                  [33mid[39m=[32m&quot;password&quot;[39m
                  [33mname[39m=[32m&quot;password&quot;[39m
                  [33mplaceholder[39m=[32m&quot;Enter your password&quot;[39m
                  [33mrequired[39m=[32m&quot;&quot;[39m
                  [33mtype[39m=[32m&quot;password&quot;[39m
                  [33mvalue[39m=[32m&quot;test123&quot;[39m
                [36m/&gt;[39m
              [36m&lt;/div&gt;[39m
              [36m&lt;div[39m
                [33mclass[39m=[32m&quot;flex items-center space-x-2&quot;[39m
              [36m&gt;[39m
                [36m&lt;input[39m
                  [33mclass[39m=[32m&quot;h-4 w-4 text-primary focus:ring-primary border-input rounded&quot;[39m
                  [33mid[39m=[32m&quot;rememberMe&quot;[39m
                  [33mname[39m=[32m&quot;rememberMe&quot;[39m
                  [33mtype[39m=[32m&quot;checkbox&quot;[39m
                [36m/&gt;[39m
                [36m&lt;label[39m
                  [33mclass[39m=[32m&quot;font-medium peer-disabled:cursor-not-allowed peer-disabled:opacity-70 text-sm text-muted-foreground cursor-pointer&quot;[39m
                  [33mfor[39m=[32m&quot;rememberMe&quot;[39m
                [36m&gt;[39m
                  [0mRemember me for 30 days[0m
                [36m&lt;/label&gt;[39m
              [36m&lt;/div&gt;[39m
              [36m&lt;button[39m
                [33mclass[39m=[32m&quot;inline-flex items-center justify-center whitespace-nowrap rounded-md font-medium ring-offset-background transition-colors focus-visible:outline-none focus-visible:ring-2 focus-visible:ring-ring focus-visible:ring-offset-2 disabled:pointer-events-none disabled:opacity-50 bg-primary text-primary-foreground hover:bg-primary/90 h-14 px-6 text-lg min-w-14 w-full&quot;[39m
                [33mtype[39m=[32m&quot;submit&quot;[39m
              [36m&gt;[39m
                [0mSign In[0m
              [36m&lt;/button&gt;[39m
              [36m&lt;div[39m
                [33mclass[39m=[32m&quot;text-center text-sm text-muted-foreground&quot;[39m
              [36m&gt;[39m
                [36m&lt;p&gt;[39m
                  [0mHaving trouble signing in?[0m
                [36m&lt;/p&gt;[39m
                [36m&lt;p&gt;[39m
                  [0mContact your system administrator for assistance.[0m
                [36m&lt;/p&gt;[39m
              [36m&lt;/div&gt;[39m
            [36m&lt;/form&gt;[39m
          [36m&lt;/div&gt;[39m
        [36m&lt;/div&gt;[39m
        [36m&lt;div[39m
          [33mclass[39m=[32m&quot;absolute bottom-4 right-4 text-xs text-muted-foreground&quot;[39m
        [36m&gt;[39m
          [36m&lt;p&gt;[39m
            [0mIndustrial ADAM Platform v[0m
            [0m1.0.0[0m
          [36m&lt;/p&gt;[39m
          [36m&lt;p&gt;[39m
            [0m© 2025 Industrial Automation Solutions[0m
          [36m&lt;/p&gt;[39m
        [36m&lt;/div&gt;[39m
      [36m&lt;/div&gt;[39m
    [36m&lt;/div&gt;[39m
  [36m&lt;/body&gt;[39m
[36m&lt;/html&gt;[39m" type="AssertionError">
AssertionError: expected false to be true // Object.is equality

Ignored nodes: comments, script, style
&lt;html&gt;
  &lt;head /&gt;
  &lt;body&gt;
    &lt;div&gt;
      &lt;div
        class=&quot;min-h-screen flex items-center justify-center bg-gradient-to-br from-primary-50 to-primary-100 p-4&quot;
      &gt;
        &lt;div
          class=&quot;rounded-lg border bg-card text-card-foreground w-full max-w-md shadow-2xl&quot;
        &gt;
          &lt;div
            class=&quot;flex flex-col p-6 space-y-4 text-center&quot;
          &gt;
            &lt;div
              class=&quot;mx-auto w-16 h-16 bg-primary/10 rounded-full flex items-center justify-center&quot;
            &gt;
              &lt;svg
                class=&quot;lucide lucide-shield w-8 h-8 text-primary&quot;
                fill=&quot;none&quot;
                height=&quot;24&quot;
                stroke=&quot;currentColor&quot;
                stroke-linecap=&quot;round&quot;
                stroke-linejoin=&quot;round&quot;
                stroke-width=&quot;2&quot;
                viewBox=&quot;0 0 24 24&quot;
                width=&quot;24&quot;
                xmlns=&quot;http://www.w3.org/2000/svg&quot;
              &gt;
                &lt;path
                  d=&quot;M20 13c0 5-3.5 7.5-7.66 8.95a1 1 0 0 1-.67-.01C7.5 20.5 4 18 4 13V6a1 1 0 0 1 1-1c2 0 4.5-1.2 6.24-2.72a1.17 1.17 0 0 1 1.52 0C14.51 3.81 17 5 19 5a1 1 0 0 1 1 1z&quot;
                /&gt;
              &lt;/svg&gt;
            &lt;/div&gt;
            &lt;div&gt;
              &lt;h3
                class=&quot;tracking-tight text-2xl font-bold text-foreground&quot;
              &gt;
                Industrial ADAM Platform
              &lt;/h3&gt;
              &lt;p
                class=&quot;text-sm text-muted-foreground mt-2&quot;
              &gt;
                Sign in to access your industrial monitoring system
              &lt;/p&gt;
            &lt;/div&gt;
          &lt;/div&gt;
          &lt;div
            class=&quot;p-6 pt-0&quot;
          &gt;
            &lt;form
              class=&quot;space-y-6&quot;
            &gt;
              &lt;div
                class=&quot;relative w-full rounded-lg border p-4 [&amp;&gt;svg~*]:pl-7 [&amp;&gt;svg+div]:translate-y-[-3px] [&amp;&gt;svg]:absolute [&amp;&gt;svg]:left-4 [&amp;&gt;svg]:top-4 border-destructive/50 text-destructive dark:border-destructive [&amp;&gt;svg]:text-destructive&quot;
                data-variant=&quot;destructive&quot;
                role=&quot;alert&quot;
              &gt;
                &lt;div
                  class=&quot;text-sm [&amp;_p]:leading-relaxed&quot;
                &gt;
                  The requested resource was not found. It may have been moved or deleted.
                &lt;/div&gt;
              &lt;/div&gt;
              &lt;div
                class=&quot;space-y-2&quot;
              &gt;
                &lt;label
                  class=&quot;peer-disabled:cursor-not-allowed peer-disabled:opacity-70 text-sm font-medium&quot;
                  for=&quot;username&quot;
                &gt;
                  Username
                &lt;/label&gt;
                &lt;input
                  autocomplete=&quot;username&quot;
                  class=&quot;flex w-full rounded-md border border-input bg-background px-3 py-2 ring-offset-background file:border-0 file:bg-transparent file:text-sm file:font-medium placeholder:text-muted-foreground focus-visible:outline-none focus-visible:ring-2 focus-visible:ring-ring focus-visible:ring-offset-2 disabled:cursor-not-allowed disabled:opacity-50 h-12 text-base&quot;
                  id=&quot;username&quot;
                  name=&quot;username&quot;
                  placeholder=&quot;Enter your username&quot;
                  required=&quot;&quot;
                  type=&quot;text&quot;
                  value=&quot;test.operator&quot;
                /&gt;
              &lt;/div&gt;
              &lt;div
                class=&quot;space-y-2&quot;
              &gt;
                &lt;label
                  class=&quot;peer-disabled:cursor-not-allowed peer-disabled:opacity-70 text-sm font-medium&quot;
                  for=&quot;password&quot;
                &gt;
                  Password
                &lt;/label&gt;
                &lt;input
                  autocomplete=&quot;current-password&quot;
                  class=&quot;flex w-full rounded-md border border-input bg-background px-3 py-2 ring-offset-background file:border-0 file:bg-transparent file:text-sm file:font-medium placeholder:text-muted-foreground focus-visible:outline-none focus-visible:ring-2 focus-visible:ring-ring focus-visible:ring-offset-2 disabled:cursor-not-allowed disabled:opacity-50 h-12 text-base&quot;
                  id=&quot;password&quot;
                  name=&quot;password&quot;
                  placeholder=&quot;Enter your password&quot;
                  required=&quot;&quot;
                  type=&quot;password&quot;
                  value=&quot;test123&quot;
                /&gt;
              &lt;/div&gt;
              &lt;div
                class=&quot;flex items-center space-x-2&quot;
              &gt;
                &lt;input
                  class=&quot;h-4 w-4 text-primary focus:ring-primary border-input rounded&quot;
                  id=&quot;rememberMe&quot;
                  name=&quot;rememberMe&quot;
                  type=&quot;checkbox&quot;
                /&gt;
                &lt;label
                  class=&quot;font-medium peer-disabled:cursor-not-allowed peer-disabled:opacity-70 text-sm text-muted-foreground cursor-pointer&quot;
                  for=&quot;rememberMe&quot;
                &gt;
                  Remember me for 30 days
                &lt;/label&gt;
              &lt;/div&gt;
              &lt;button
                class=&quot;inline-flex items-center justify-center whitespace-nowrap rounded-md font-medium ring-offset-background transition-colors focus-visible:outline-none focus-visible:ring-2 focus-visible:ring-ring focus-visible:ring-offset-2 disabled:pointer-events-none disabled:opacity-50 bg-primary text-primary-foreground hover:bg-primary/90 h-14 px-6 text-lg min-w-14 w-full&quot;
                type=&quot;submit&quot;
              &gt;
                Sign In
              &lt;/button&gt;
              &lt;div
                class=&quot;text-center text-sm text-muted-foreground&quot;
              &gt;
                &lt;p&gt;
                  Having trouble signing in?
                &lt;/p&gt;
                &lt;p&gt;
                  Contact your system administrator for assistance.
                &lt;/p&gt;
              &lt;/div&gt;
            &lt;/form&gt;
          &lt;/div&gt;
        &lt;/div&gt;
        &lt;div
          class=&quot;absolute bottom-4 right-4 text-xs text-muted-foreground&quot;
        &gt;
          &lt;p&gt;
            Industrial ADAM Platform v
            1.0.0
          &lt;/p&gt;
          &lt;p&gt;
            © 2025 Industrial Automation Solutions
          &lt;/p&gt;
        &lt;/div&gt;
      &lt;/div&gt;
    &lt;/div&gt;
  &lt;/body&gt;
&lt;/html&gt;

- Expected
+ Received

- true
+ false

 ❯ src/__tests__/integration/auth-flow.test.tsx:143:44
 ❯ runWithExpensiveErrorDiagnosticsDisabled node_modules/@testing-library/dom/dist/config.js:47:12
 ❯ checkCallback node_modules/@testing-library/dom/dist/wait-for.js:124:77
 ❯ Timeout.checkRealTimersCallback node_modules/@testing-library/dom/dist/wait-for.js:118:16
            </failure>
        </testcase>
        <testcase classname="src/__tests__/integration/auth-flow.test.tsx" name="Authentication Flow Integration &gt; Failed Login Flow &gt; should handle invalid credentials properly" time="1.164">
            <failure message="Unable to find an element with the text: /invalid credentials/i. This could be because the text is broken up by multiple elements. In this case, you can provide a function for your text matcher to make your matcher more flexible.

Ignored nodes: comments, script, style
[36m&lt;body&gt;[39m
  [36m&lt;div&gt;[39m
    [36m&lt;div[39m
      [33mclass[39m=[32m&quot;min-h-screen flex items-center justify-center bg-gradient-to-br from-primary-50 to-primary-100 p-4&quot;[39m
    [36m&gt;[39m
      [36m&lt;div[39m
        [33mclass[39m=[32m&quot;rounded-lg border bg-card text-card-foreground w-full max-w-md shadow-2xl&quot;[39m
      [36m&gt;[39m
        [36m&lt;div[39m
          [33mclass[39m=[32m&quot;flex flex-col p-6 space-y-4 text-center&quot;[39m
        [36m&gt;[39m
          [36m&lt;div[39m
            [33mclass[39m=[32m&quot;mx-auto w-16 h-16 bg-primary/10 rounded-full flex items-center justify-center&quot;[39m
          [36m&gt;[39m
            [36m&lt;svg[39m
              [33mclass[39m=[32m&quot;lucide lucide-shield w-8 h-8 text-primary&quot;[39m
              [33mfill[39m=[32m&quot;none&quot;[39m
              [33mheight[39m=[32m&quot;24&quot;[39m
              [33mstroke[39m=[32m&quot;currentColor&quot;[39m
              [33mstroke-linecap[39m=[32m&quot;round&quot;[39m
              [33mstroke-linejoin[39m=[32m&quot;round&quot;[39m
              [33mstroke-width[39m=[32m&quot;2&quot;[39m
              [33mviewBox[39m=[32m&quot;0 0 24 24&quot;[39m
              [33mwidth[39m=[32m&quot;24&quot;[39m
              [33mxmlns[39m=[32m&quot;http://www.w3.org/2000/svg&quot;[39m
            [36m&gt;[39m
              [36m&lt;path[39m
                [33md[39m=[32m&quot;M20 13c0 5-3.5 7.5-7.66 8.95a1 1 0 0 1-.67-.01C7.5 20.5 4 18 4 13V6a1 1 0 0 1 1-1c2 0 4.5-1.2 6.24-2.72a1.17 1.17 0 0 1 1.52 0C14.51 3.81 17 5 19 5a1 1 0 0 1 1 1z&quot;[39m
              [36m/&gt;[39m
            [36m&lt;/svg&gt;[39m
          [36m&lt;/div&gt;[39m
          [36m&lt;div&gt;[39m
            [36m&lt;h3[39m
              [33mclass[39m=[32m&quot;tracking-tight text-2xl font-bold text-foreground&quot;[39m
            [36m&gt;[39m
              [0mIndustrial ADAM Platform[0m
            [36m&lt;/h3&gt;[39m
            [36m&lt;p[39m
              [33mclass[39m=[32m&quot;text-sm text-muted-foreground mt-2&quot;[39m
            [36m&gt;[39m
              [0mSign in to access your industrial monitoring system[0m
            [36m&lt;/p&gt;[39m
          [36m&lt;/div&gt;[39m
        [36m&lt;/div&gt;[39m
        [36m&lt;div[39m
          [33mclass[39m=[32m&quot;p-6 pt-0&quot;[39m
        [36m&gt;[39m
          [36m&lt;form[39m
            [33mclass[39m=[32m&quot;space-y-6&quot;[39m
          [36m&gt;[39m
            [36m&lt;div[39m
              [33mclass[39m=[32m&quot;relative w-full rounded-lg border p-4 [&amp;&gt;svg~*]:pl-7 [&amp;&gt;svg+div]:translate-y-[-3px] [&amp;&gt;svg]:absolute [&amp;&gt;svg]:left-4 [&amp;&gt;svg]:top-4 border-destructive/50 text-destructive dark:border-destructive [&amp;&gt;svg]:text-destructive&quot;[39m
              [33mdata-variant[39m=[32m&quot;destructive&quot;[39m
              [33mrole[39m=[32m&quot;alert&quot;[39m
            [36m&gt;[39m
              [36m&lt;div[39m
                [33mclass[39m=[32m&quot;text-sm [&amp;_p]:leading-relaxed&quot;[39m
              [36m&gt;[39m
                [0mThe requested resource was not found. It may have been moved or deleted.[0m
              [36m&lt;/div&gt;[39m
            [36m&lt;/div&gt;[39m
            [36m&lt;div[39m
              [33mclass[39m=[32m&quot;space-y-2&quot;[39m
            [36m&gt;[39m
              [36m&lt;label[39m
                [33mclass[39m=[32m&quot;peer-disabled:cursor-not-allowed peer-disabled:opacity-70 text-sm font-medium&quot;[39m
                [33mfor[39m=[32m&quot;username&quot;[39m
              [36m&gt;[39m
                [0mUsername[0m
              [36m&lt;/label&gt;[39m
              [36m&lt;input[39m
                [33mautocomplete[39m=[32m&quot;username&quot;[39m
                [33mclass[39m=[32m&quot;flex w-full rounded-md border border-input bg-background px-3 py-2 ring-offset-background file:border-0 file:bg-transparent file:text-sm file:font-medium placeholder:text-muted-foreground focus-visible:outline-none focus-visible:ring-2 focus-visible:ring-ring focus-visible:ring-offset-2 disabled:cursor-not-allowed disabled:opacity-50 h-12 text-base&quot;[39m
                [33mid[39m=[32m&quot;username&quot;[39m
                [33mname[39m=[32m&quot;username&quot;[39m
                [33mplaceholder[39m=[32m&quot;Enter your username&quot;[39m
                [33mrequired[39m=[32m&quot;&quot;[39m
                [33mtype[39m=[32m&quot;text&quot;[39m
                [33mvalue[39m=[32m&quot;invalid.user&quot;[39m
              [36m/&gt;[39m
            [36m&lt;/div&gt;[39m
            [36m&lt;div[39m
              [33mclass[39m=[32m&quot;space-y-2&quot;[39m
            [36m&gt;[39m
              [36m&lt;label[39m
                [33mclass[39m=[32m&quot;peer-disabled:cursor-not-allowed peer-disabled:opacity-70 text-sm font-medium&quot;[39m
                [33mfor[39m=[32m&quot;password&quot;[39m
              [36m&gt;[39m
                [0mPassword[0m
              [36m&lt;/label&gt;[39m
              [36m&lt;input[39m
                [33mautocomplete[39m=[32m&quot;current-password&quot;[39m
                [33mclass[39m=[32m&quot;flex w-full rounded-md border border-input bg-background px-3 py-2 ring-offset-background file:border-0 file:bg-transparent file:text-sm file:font-medium placeholder:text-muted-foreground focus-visible:outline-none focus-visible:ring-2 focus-visible:ring-ring focus-visible:ring-offset-2 disabled:cursor-not-allowed disabled:opacity-50 h-12 text-base&quot;[39m
                [33mid[39m=[32m&quot;password&quot;[39m
                [33mname[39m=[32m&quot;password&quot;[39m
                [33mplaceholder[39m=[32m&quot;Enter your password&quot;[39m
                [33mrequired[39m=[32m&quot;&quot;[39m
                [33mtype[39m=[32m&quot;password&quot;[39m
                [33mvalue[39m=[32m&quot;wrongpassword&quot;[39m
              [36m/&gt;[39m
            [36m&lt;/div&gt;[39m
            [36m&lt;div[39m
              [33mclass[39m=[32m&quot;flex items-center space-x-2&quot;[39m
            [36m&gt;[39m
              [36m&lt;input[39m
                [33mclass[39m=[32m&quot;h-4 w-4 text-primary focus:ring-primary border-input rounded&quot;[39m
                [33mid[39m=[32m&quot;rememberMe&quot;[39m
                [33mname[39m=[32m&quot;rememberMe&quot;[39m
                [33mtype[39m=[32m&quot;checkbox&quot;[39m
              [36m/&gt;[39m
              [36m&lt;label[39m
                [33mclass[39m=[32m&quot;font-medium peer-disabled:cursor-not-allowed peer-disabled:opacity-70 text-sm text-muted-foreground cursor-pointer&quot;[39m
                [33mfor[39m=[32m&quot;rememberMe&quot;[39m
              [36m&gt;[39m
                [0mRemember me for 30 days[0m
              [36m&lt;/label&gt;[39m
            [36m&lt;/div&gt;[39m
            [36m&lt;button[39m
              [33mclass[39m=[32m&quot;inline-flex items-center justify-center whitespace-nowrap rounded-md font-medium ring-offset-background transition-colors focus-visible:outline-none focus-visible:ring-2 focus-visible:ring-ring focus-visible:ring-offset-2 disabled:pointer-events-none disabled:opacity-50 bg-primary text-primary-foreground hover:bg-primary/90 h-14 px-6 text-lg min-w-14 w-full&quot;[39m
              [33mtype[39m=[32m&quot;submit&quot;[39m
            [36m&gt;[39m
              [0mSign In[0m
            [36m&lt;/button&gt;[39m
            [36m&lt;div[39m
              [33mclass[39m=[32m&quot;text-center text-sm text-muted-foreground&quot;[39m
            [36m&gt;[39m
              [36m&lt;p&gt;[39m
                [0mHaving trouble signing in?[0m
              [36m&lt;/p&gt;[39m
              [36m&lt;p&gt;[39m
                [0mContact your system administrator for assistance.[0m
              [36m&lt;/p&gt;[39m
            [36m&lt;/div&gt;[39m
          [36m&lt;/form&gt;[39m
        [36m&lt;/div&gt;[39m
      [36m&lt;/div&gt;[39m
      [36m&lt;div[39m
        [33mclass[39m=[32m&quot;absolute bottom-4 right-4 text-xs text-muted-foreground&quot;[39m
      [36m&gt;[39m
        [36m&lt;p&gt;[39m
          [0mIndustrial ADAM Platform v[0m
          [0m1.0.0[0m
        [36m&lt;/p&gt;[39m
        [36m&lt;p&gt;[39m
          [0m© 2025 Industrial Automation Solutions[0m
        [36m&lt;/p&gt;[39m
      [36m&lt;/div&gt;[39m
    [36m&lt;/div&gt;[39m
  [36m&lt;/div&gt;[39m
[36m&lt;/body&gt;[39m

Ignored nodes: comments, script, style
[36m&lt;html&gt;[39m
  [36m&lt;head /&gt;[39m
  [36m&lt;body&gt;[39m
    [36m&lt;div&gt;[39m
      [36m&lt;div[39m
        [33mclass[39m=[32m&quot;min-h-screen flex items-center justify-center bg-gradient-to-br from-primary-50 to-primary-100 p-4&quot;[39m
      [36m&gt;[39m
        [36m&lt;div[39m
          [33mclass[39m=[32m&quot;rounded-lg border bg-card text-card-foreground w-full max-w-md shadow-2xl&quot;[39m
        [36m&gt;[39m
          [36m&lt;div[39m
            [33mclass[39m=[32m&quot;flex flex-col p-6 space-y-4 text-center&quot;[39m
          [36m&gt;[39m
            [36m&lt;div[39m
              [33mclass[39m=[32m&quot;mx-auto w-16 h-16 bg-primary/10 rounded-full flex items-center justify-center&quot;[39m
            [36m&gt;[39m
              [36m&lt;svg[39m
                [33mclass[39m=[32m&quot;lucide lucide-shield w-8 h-8 text-primary&quot;[39m
                [33mfill[39m=[32m&quot;none&quot;[39m
                [33mheight[39m=[32m&quot;24&quot;[39m
                [33mstroke[39m=[32m&quot;currentColor&quot;[39m
                [33mstroke-linecap[39m=[32m&quot;round&quot;[39m
                [33mstroke-linejoin[39m=[32m&quot;round&quot;[39m
                [33mstroke-width[39m=[32m&quot;2&quot;[39m
                [33mviewBox[39m=[32m&quot;0 0 24 24&quot;[39m
                [33mwidth[39m=[32m&quot;24&quot;[39m
                [33mxmlns[39m=[32m&quot;http://www.w3.org/2000/svg&quot;[39m
              [36m&gt;[39m
                [36m&lt;path[39m
                  [33md[39m=[32m&quot;M20 13c0 5-3.5 7.5-7.66 8.95a1 1 0 0 1-.67-.01C7.5 20.5 4 18 4 13V6a1 1 0 0 1 1-1c2 0 4.5-1.2 6.24-2.72a1.17 1.17 0 0 1 1.52 0C14.51 3.81 17 5 19 5a1 1 0 0 1 1 1z&quot;[39m
                [36m/&gt;[39m
              [36m&lt;/svg&gt;[39m
            [36m&lt;/div&gt;[39m
            [36m&lt;div&gt;[39m
              [36m&lt;h3[39m
                [33mclass[39m=[32m&quot;tracking-tight text-2xl font-bold text-foreground&quot;[39m
              [36m&gt;[39m
                [0mIndustrial ADAM Platform[0m
              [36m&lt;/h3&gt;[39m
              [36m&lt;p[39m
                [33mclass[39m=[32m&quot;text-sm text-muted-foreground mt-2&quot;[39m
              [36m&gt;[39m
                [0mSign in to access your industrial monitoring system[0m
              [36m&lt;/p&gt;[39m
            [36m&lt;/div&gt;[39m
          [36m&lt;/div&gt;[39m
          [36m&lt;div[39m
            [33mclass[39m=[32m&quot;p-6 pt-0&quot;[39m
          [36m&gt;[39m
            [36m&lt;form[39m
              [33mclass[39m=[32m&quot;space-y-6&quot;[39m
            [36m&gt;[39m
              [36m&lt;div[39m
                [33mclass[39m=[32m&quot;relative w-full rounded-lg border p-4 [&amp;&gt;svg~*]:pl-7 [&amp;&gt;svg+div]:translate-y-[-3px] [&amp;&gt;svg]:absolute [&amp;&gt;svg]:left-4 [&amp;&gt;svg]:top-4 border-destructive/50 text-destructive dark:border-destructive [&amp;&gt;svg]:text-destructive&quot;[39m
                [33mdata-variant[39m=[32m&quot;destructive&quot;[39m
                [33mrole[39m=[32m&quot;alert&quot;[39m
              [36m&gt;[39m
                [36m&lt;div[39m
                  [33mclass[39m=[32m&quot;text-sm [&amp;_p]:leading-relaxed&quot;[39m
                [36m&gt;[39m
                  [0mThe requested resource was not found. It may have been moved or deleted.[0m
                [36m&lt;/div&gt;[39m
              [36m&lt;/div&gt;[39m
              [36m&lt;div[39m
                [33mclass[39m=[32m&quot;space-y-2&quot;[39m
              [36m&gt;[39m
                [36m&lt;label[39m
                  [33mclass[39m=[32m&quot;peer-disabled:cursor-not-allowed peer-disabled:opacity-70 text-sm font-medium&quot;[39m
                  [33mfor[39m=[32m&quot;username&quot;[39m
                [36m&gt;[39m
                  [0mUsername[0m
                [36m&lt;/label&gt;[39m
                [36m&lt;input[39m
                  [33mautocomplete[39m=[32m&quot;username&quot;[39m
[...]
        </testcase>
        <testcase classname="src/components/ui/__tests__/data-quality-indicator.test.tsx" name="Data Quality Indicator Components &gt; Utility Functions &gt; getQualityLabel &gt; should return UNKNOWN for unrecognized quality" time="0">
        </testcase>
        <testcase classname="src/components/ui/__tests__/data-quality-indicator.test.tsx" name="Data Quality Indicator Components &gt; Utility Functions &gt; getQualityDescription &gt; should return appropriate descriptions" time="0">
        </testcase>
        <testcase classname="src/components/ui/__tests__/data-quality-indicator.test.tsx" name="Data Quality Indicator Components &gt; Utility Functions &gt; getQualityBadgeVariant &gt; should return correct badge variants" time="0.001">
        </testcase>
        <testcase classname="src/components/ui/__tests__/data-quality-indicator.test.tsx" name="Data Quality Indicator Components &gt; Utility Functions &gt; getQualityAlertVariant &gt; should return destructive for critical issues" time="0.001">
        </testcase>
        <testcase classname="src/components/ui/__tests__/data-quality-indicator.test.tsx" name="Data Quality Indicator Components &gt; Utility Functions &gt; getQualityAlertVariant &gt; should return default for non-critical issues" time="0">
        </testcase>
        <testcase classname="src/components/ui/__tests__/data-quality-indicator.test.tsx" name="Data Quality Indicator Components &gt; CFR Part 11 Compliance Tests &gt; should never hide or minimize simulated data warnings" time="0.012">
        </testcase>
        <testcase classname="src/components/ui/__tests__/data-quality-indicator.test.tsx" name="Data Quality Indicator Components &gt; CFR Part 11 Compliance Tests &gt; should make unavailable data clearly visible" time="0.004">
        </testcase>
        <testcase classname="src/components/ui/__tests__/data-quality-indicator.test.tsx" name="Data Quality Indicator Components &gt; CFR Part 11 Compliance Tests &gt; should provide clear audit trail information" time="0.017">
        </testcase>
        <testcase classname="src/components/ui/__tests__/data-quality-indicator.test.tsx" name="Data Quality Indicator Components &gt; CFR Part 11 Compliance Tests &gt; should never suggest using bad or unavailable data" time="0.005">
        </testcase>
        <testcase classname="src/components/ui/__tests__/data-quality-indicator.test.tsx" name="Data Quality Indicator Components &gt; CFR Part 11 Compliance Tests &gt; should distinguish between different types of non-compliant data" time="0.012">
        </testcase>
        <testcase classname="src/components/ui/__tests__/data-quality-indicator.test.tsx" name="Data Quality Indicator Components &gt; CFR Part 11 Compliance Tests &gt; should maintain data integrity in wrapper component" time="0.007">
        </testcase>
    </testsuite>
    <testsuite name="src/lib/services/__tests__/authService.test.ts" timestamp="2025-08-27T13:46:17.489Z" hostname="LTPTL045" tests="25" failures="0" errors="0" skipped="0" time="0.03">
        <testcase classname="src/lib/services/__tests__/authService.test.ts" name="AuthService &gt; login &gt; should successfully login with valid credentials" time="0.006">
        </testcase>
        <testcase classname="src/lib/services/__tests__/authService.test.ts" name="AuthService &gt; login &gt; should handle login failure with invalid credentials" time="0.002">
        </testcase>
        <testcase classname="src/lib/services/__tests__/authService.test.ts" name="AuthService &gt; login &gt; should validate login response format" time="0">
        </testcase>
        <testcase classname="src/lib/services/__tests__/authService.test.ts" name="AuthService &gt; login &gt; should map roles to permissions correctly" time="0.002">
        </testcase>
        <testcase classname="src/lib/services/__tests__/authService.test.ts" name="AuthService &gt; login &gt; should set correct dashboard layout based on role" time="0">
        </testcase>
        <testcase classname="src/lib/services/__tests__/authService.test.ts" name="AuthService &gt; login &gt; should redirect Operator to user dashboard" time="0.001">
        </testcase>
        <testcase classname="src/lib/services/__tests__/authService.test.ts" name="AuthService &gt; logout &gt; should successfully logout and clear data" time="0">
        </testcase>
        <testcase classname="src/lib/services/__tests__/authService.test.ts" name="AuthService &gt; logout &gt; should clear data even if API call fails" time="0.001">
        </testcase>
        <testcase classname="src/lib/services/__tests__/authService.test.ts" name="AuthService &gt; token refresh &gt; should refresh token successfully" time="0.001">
        </testcase>
        <testcase classname="src/lib/services/__tests__/authService.test.ts" name="AuthService &gt; token refresh &gt; should logout user if refresh fails" time="0.001">
        </testcase>
        <testcase classname="src/lib/services/__tests__/authService.test.ts" name="AuthService &gt; token refresh &gt; should handle missing refresh token" time="0">
        </testcase>
        <testcase classname="src/lib/services/__tests__/authService.test.ts" name="AuthService &gt; permission checks &gt; should correctly check user permissions" time="0.001">
        </testcase>
        <testcase classname="src/lib/services/__tests__/authService.test.ts" name="AuthService &gt; permission checks &gt; should correctly check user roles" time="0">
        </testcase>
        <testcase classname="src/lib/services/__tests__/authService.test.ts" name="AuthService &gt; permission checks &gt; should check multiple roles correctly" time="0.001">
        </testcase>
        <testcase classname="src/lib/services/__tests__/authService.test.ts" name="AuthService &gt; authentication state &gt; should return false when not authenticated" time="0.001">
        </testcase>
        <testcase classname="src/lib/services/__tests__/authService.test.ts" name="AuthService &gt; authentication state &gt; should return true when fully authenticated" time="0">
        </testcase>
        <testcase classname="src/lib/services/__tests__/authService.test.ts" name="AuthService &gt; authentication state &gt; should return false when missing user data" time="0.001">
        </testcase>
        <testcase classname="src/lib/services/__tests__/authService.test.ts" name="AuthService &gt; authentication state &gt; should return false when missing token" time="0">
        </testcase>
        <testcase classname="src/lib/services/__tests__/authService.test.ts" name="AuthService &gt; role-based permissions mapping &gt; should map SystemAdmin role correctly" time="0.001">
        </testcase>
        <testcase classname="src/lib/services/__tests__/authService.test.ts" name="AuthService &gt; role-based permissions mapping &gt; should map Admin role correctly" time="0.001">
        </testcase>
        <testcase classname="src/lib/services/__tests__/authService.test.ts" name="AuthService &gt; role-based permissions mapping &gt; should map Operator role correctly" time="0.001">
        </testcase>
        <testcase classname="src/lib/services/__tests__/authService.test.ts" name="AuthService &gt; role-based permissions mapping &gt; should handle multiple roles without duplicates" time="0.001">
        </testcase>
        <testcase classname="src/lib/services/__tests__/authService.test.ts" name="AuthService &gt; CFR Part 11 Compliance &gt; should never generate synthetic user data" time="0.001">
        </testcase>
        <testcase classname="src/lib/services/__tests__/authService.test.ts" name="AuthService &gt; CFR Part 11 Compliance &gt; should maintain data integrity during token refresh" time="0.001">
        </testcase>
        <testcase classname="src/lib/services/__tests__/authService.test.ts" name="AuthService &gt; CFR Part 11 Compliance &gt; should never cache or persist invalid authentication data" time="0">
        </testcase>
    </testsuite>
    <testsuite name="src/lib/utils/__tests__/apiValidation.test.ts" timestamp="2025-08-27T13:46:17.504Z" hostname="LTPTL045" tests="48" failures="0" errors="0" skipped="0" time="0.085">
        <testcase classname="src/lib/utils/__tests__/apiValidation.test.ts" name="API Validation Utilities &gt; validateLoginResponse &gt; should validate successful login response with success wrapper" time="0.007">
        </testcase>
        <testcase classname="src/lib/utils/__tests__/apiValidation.test.ts" name="API Validation Utilities &gt; validateLoginResponse &gt; should validate direct login response without wrapper" time="0.001">
        </testcase>
        <testcase classname="src/lib/utils/__tests__/apiValidation.test.ts" name="API Validation Utilities &gt; validateLoginResponse &gt; should reject null or undefined response" time="0.001">
        </testcase>
        <testcase classname="src/lib/utils/__tests__/apiValidation.test.ts" name="API Validation Utilities &gt; validateLoginResponse &gt; should reject response missing required fields" time="0.004">
        </testcase>
        <testcase classname="src/lib/utils/__tests__/apiValidation.test.ts" name="API Validation Utilities &gt; validateLoginResponse &gt; should reject response with invalid success field type" time="0.002">
        </testcase>
        <testcase classname="src/lib/utils/__tests__/apiValidation.test.ts" name="API Validation Utilities &gt; validateLoginResponse &gt; should reject user object without required identity fields" time="0.001">
        </testcase>
        <testcase classname="src/lib/utils/__tests__/apiValidation.test.ts" name="API Validation Utilities &gt; validatePaginatedResponse &gt; should validate valid paginated response with items" time="0.002">
        </testcase>
        <testcase classname="src/lib/utils/__tests__/apiValidation.test.ts" name="API Validation Utilities &gt; validatePaginatedResponse &gt; should validate alternative field names (data, total, limit, page)" time="0">
        </testcase>
        <testcase classname="src/lib/utils/__tests__/apiValidation.test.ts" name="API Validation Utilities &gt; validatePaginatedResponse &gt; should reject response without data array" time="0">
        </testcase>
        <testcase classname="src/lib/utils/__tests__/apiValidation.test.ts" name="API Validation Utilities &gt; validatePaginatedResponse &gt; should reject response without required numeric fields" time="0.001">
        </testcase>
        <testcase classname="src/lib/utils/__tests__/apiValidation.test.ts" name="API Validation Utilities &gt; validateAuditLogEntry &gt; should validate complete audit log entry" time="0.007">
        </testcase>
        <testcase classname="src/lib/utils/__tests__/apiValidation.test.ts" name="API Validation Utilities &gt; validateAuditLogEntry &gt; should reject entry with missing required fields" time="0.002">
        </testcase>
        <testcase classname="src/lib/utils/__tests__/apiValidation.test.ts" name="API Validation Utilities &gt; validateAuditLogEntry &gt; should reject entry with invalid timestamp" time="0.001">
        </testcase>
        <testcase classname="src/lib/utils/__tests__/apiValidation.test.ts" name="API Validation Utilities &gt; validateAuditLogEntry &gt; should accept valid ISO date strings" time="0.002">
        </testcase>
        <testcase classname="src/lib/utils/__tests__/apiValidation.test.ts" name="API Validation Utilities &gt; validateSecurityAlert &gt; should validate complete security alert" time="0.001">
        </testcase>
        <testcase classname="src/lib/utils/__tests__/apiValidation.test.ts" name="API Validation Utilities &gt; validateSecurityAlert &gt; should reject alert with invalid severity level" time="0.002">
        </testcase>
        <testcase classname="src/lib/utils/__tests__/apiValidation.test.ts" name="API Validation Utilities &gt; validateSecurityAlert &gt; should accept all valid severity levels" time="0.001">
        </testcase>
        <testcase classname="src/lib/utils/__tests__/apiValidation.test.ts" name="API Validation Utilities &gt; validateSecurityAlert &gt; should reject alert with missing required fields" time="0.004">
        </testcase>
        <testcase classname="src/lib/utils/__tests__/apiValidation.test.ts" name="API Validation Utilities &gt; processApiResponse &gt; should process valid response without validator" time="0.001">
        </testcase>
        <testcase classname="src/lib/utils/__tests__/apiValidation.test.ts" name="API Validation Utilities &gt; processApiResponse &gt; should process valid response with successful validation" time="0.001">
        </testcase>
        <testcase classname="src/lib/utils/__tests__/apiValidation.test.ts" name="API Validation Utilities &gt; processApiResponse &gt; should return fallback data when validation fails" time="0.001">
        </testcase>
        <testcase classname="src/lib/utils/__tests__/apiValidation.test.ts" name="API Validation Utilities &gt; processApiResponse &gt; should handle validator exceptions gracefully" time="0">
        </testcase>
        <testcase classname="src/lib/utils/__tests__/apiValidation.test.ts" name="API Validation Utilities &gt; createValidatedApiResponse &gt; should handle successful API response" time="0">
        </testcase>
        <testcase classname="src/lib/utils/__tests__/apiValidation.test.ts" name="API Validation Utilities &gt; createValidatedApiResponse &gt; should handle failed API response" time="0.001">
        </testcase>
        <testcase classname="src/lib/utils/__tests__/apiValidation.test.ts" name="API Validation Utilities &gt; createValidatedApiResponse &gt; should use custom validator on successful response" time="0.001">
        </testcase>
        <testcase classname="src/lib/utils/__tests__/apiValidation.test.ts" name="API Validation Utilities &gt; CFR Part 11 Compliance &gt; should never accept or validate synthetic data without explicit marking" time="0.001">
        </testcase>
        <testcase classname="src/lib/utils/__tests__/apiValidation.test.ts" name="API Validation Utilities &gt; CFR Part 11 Compliance &gt; should preserve exact data structure without modifications" time="0.001">
        </testcase>
        <testcase classname="src/lib/utils/__tests__/apiValidation.test.ts" name="API Validation Utilities &gt; CFR Part 11 Compliance &gt; should reject malformed data rather than attempting correction" time="0.001">
        </testcase>
        <testcase classname="src/lib/utils/__tests__/apiValidation.test.ts" name="API Validation Utilities &gt; CFR Part 11 Compliance &gt; should maintain audit trail through validation errors" time="0.001">
        </testcase>
        <testcase classname="src/lib/utils/__tests__/apiValidation.test.ts" name="API Validation Utilities &gt; Edge Cases and Boundary Conditions &gt; validateLoginResponse edge cases &gt; should handle empty user object" time="0.002">
        </testcase>
        <testcase classname="src/lib/utils/__tests__/apiValidation.test.ts" name="API Validation Utilities &gt; Edge Cases and Boundary Conditions &gt; validateLoginResponse edge cases &gt; should handle user with id instead of userId" time="0.002">
        </testcase>
        <testcase classname="src/lib/utils/__tests__/apiValidation.test.ts" name="API Validation Utilities &gt; Edge Cases and Boundary Conditions &gt; validateLoginResponse edge cases &gt; should handle non-boolean success field" time="0.003">
        </testcase>
        <testcase classname="src/lib/utils/__tests__/apiValidation.test.ts" name="API Validation Utilities &gt; Edge Cases and Boundary Conditions &gt; validatePaginatedResponse edge cases &gt; should handle response with both items and data arrays" time="0.001">
        </testcase>
        <testcase classname="src/lib/utils/__tests__/apiValidation.test.ts" name="API Validation Utilities &gt; Edge Cases and Boundary Conditions &gt; validatePaginatedResponse edge cases &gt; should handle mixed field naming conventions" time="0.001">
        </testcase>
        <testcase classname="src/lib/utils/__tests__/apiValidation.test.ts" name="API Validation Utilities &gt; Edge Cases and Boundary Conditions &gt; validatePaginatedResponse edge cases &gt; should reject response with string numbers" time="0.001">
        </testcase>
        <testcase classname="src/lib/utils/__tests__/apiValidation.test.ts" name="API Validation Utilities &gt; Edge Cases and Boundary Conditions &gt; validateAuditLogEntry edge cases &gt; should handle missing optional fields gracefully" time="0">
        </testcase>
        <testcase classname="src/lib/utils/__tests__/apiValidation.test.ts" name="API Validation Utilities &gt; Edge Cases and Boundary Conditions &gt; validateAuditLogEntry edge cases &gt; should reject entries with invalid date objects" time="0.001">
        </testcase>
        <testcase classname="src/lib/utils/__tests__/apiValidation.test.ts" name="API Validation Utilities &gt; Edge Cases and Boundary Conditions &gt; validateAuditLogEntry edge cases &gt; should validate Date objects as timestamps" time="0.001">
        </testcase>
        <testcase classname="src/lib/utils/__tests__/apiValidation.test.ts" name="API Validation Utilities &gt; Edge Cases and Boundary Conditions &gt; validateSecurityAlert edge cases &gt; should handle all valid severity levels" time="0.003">
        </testcase>
        <testcase classname="src/lib/utils/__tests__/apiValidation.test.ts" name="API Validation Utilities &gt; Edge Cases and Boundary Conditions &gt; validateSecurityAlert edge cases &gt; should reject alert with numeric severity" time="0.001">
        </testcase>
        <testcase classname="src/lib/utils/__tests__/apiValidation.test.ts" name="API Validation Utilities &gt; Edge Cases and Boundary Conditions &gt; validateSecurityAlert edge cases &gt; should handle empty message field" time="0">
        </testcase>
        <testcase classname="src/lib/utils/__tests__/apiValidation.test.ts" name="API Validation Utilities &gt; Edge Cases and Boundary Conditions &gt; processApiResponse edge cases &gt; should handle undefined validator gracefully" time="0">
        </testcase>
        <testcase classname="src/lib/utils/__tests__/apiValidation.test.ts" name="API Validation Utilities &gt; Edge Cases and Boundary Conditions &gt; processApiResponse edge cases &gt; should handle null data with fallback" time="0.001">
        </testcase>
        <testcase classname="src/lib/utils/__tests__/apiValidation.test.ts" name="API Validation Utilities &gt; Edge Cases and Boundary Conditions &gt; processApiResponse edge cases &gt; should preserve original data when validator throws" time="0.001">
        </testcase>
        <testcase classname="src/lib/utils/__tests__/apiValidation.test.ts" name="API Validation Utilities &gt; Edge Cases and Boundary Conditions &gt; createValidatedApiResponse edge cases &gt; should handle API response without success field" time="0.001">
        </testcase>
        <testcase classname="src/lib/utils/__tests__/apiValidation.test.ts" name="API Validation Utilities &gt; Edge Cases and Boundary Conditions &gt; createValidatedApiResponse edge cases &gt; should handle API response with null data field" time="0">
        </testcase>
        <testcase classname="src/lib/utils/__tests__/apiValidation.test.ts" name="API Validation Utilities &gt; Edge Cases and Boundary Conditions &gt; createValidatedApiResponse edge cases &gt; should handle error without message property" time="0.001">
        </testcase>
        <testcase classname="src/lib/utils/__tests__/apiValidation.test.ts" name="API Validation Utilities &gt; Edge Cases and Boundary Conditions &gt; createValidatedApiResponse edge cases &gt; should handle string error instead of object" time="0.001">
        </testcase>
    </testsuite>
</testsuites>
